{"/home/kieve/Projects/order-test/order-app/app.js":{"path":"/home/kieve/Projects/order-test/order-app/app.js","statementMap":{"0":{"start":{"line":4,"column":16},"end":{"line":4,"column":34}},"1":{"start":{"line":5,"column":20},"end":{"line":5,"column":42}},"2":{"start":{"line":6,"column":16},"end":{"line":6,"column":42}},"3":{"start":{"line":7,"column":19},"end":{"line":7,"column":41}},"4":{"start":{"line":8,"column":15},"end":{"line":8,"column":32}},"5":{"start":{"line":9,"column":14},"end":{"line":9,"column":30}},"6":{"start":{"line":10,"column":21},"end":{"line":10,"column":44}},"7":{"start":{"line":11,"column":14},"end":{"line":11,"column":30}},"8":{"start":{"line":12,"column":15},"end":{"line":12,"column":32}},"9":{"start":{"line":13,"column":19},"end":{"line":13,"column":52}},"10":{"start":{"line":14,"column":14},"end":{"line":14,"column":38}},"11":{"start":{"line":15,"column":13},"end":{"line":15,"column":28}},"12":{"start":{"line":16,"column":17},"end":{"line":16,"column":36}},"13":{"start":{"line":17,"column":17},"end":{"line":17,"column":36}},"14":{"start":{"line":18,"column":25},"end":{"line":18,"column":53}},"15":{"start":{"line":19,"column":29},"end":{"line":19,"column":62}},"16":{"start":{"line":20,"column":13},"end":{"line":20,"column":44}},"17":{"start":{"line":21,"column":15},"end":{"line":21,"column":32}},"18":{"start":{"line":23,"column":15},"end":{"line":23,"column":64}},"19":{"start":{"line":28,"column":0},"end":{"line":28,"column":38}},"20":{"start":{"line":33,"column":23},"end":{"line":33,"column":52}},"21":{"start":{"line":34,"column":23},"end":{"line":34,"column":52}},"22":{"start":{"line":35,"column":24},"end":{"line":35,"column":54}},"23":{"start":{"line":36,"column":22},"end":{"line":36,"column":50}},"24":{"start":{"line":37,"column":26},"end":{"line":37,"column":58}},"25":{"start":{"line":42,"column":23},"end":{"line":42,"column":51}},"26":{"start":{"line":47,"column":12},"end":{"line":47,"column":21}},"27":{"start":{"line":52,"column":0},"end":{"line":52,"column":40}},"28":{"start":{"line":53,"column":0},"end":{"line":53,"column":37}},"29":{"start":{"line":54,"column":0},"end":{"line":54,"column":38}},"30":{"start":{"line":55,"column":0},"end":{"line":55,"column":42}},"31":{"start":{"line":56,"column":0},"end":{"line":60,"column":3}},"32":{"start":{"line":57,"column":2},"end":{"line":57,"column":21}},"33":{"start":{"line":58,"column":2},"end":{"line":58,"column":99}},"34":{"start":{"line":59,"column":2},"end":{"line":59,"column":17}},"35":{"start":{"line":65,"column":0},"end":{"line":65,"column":62}},"36":{"start":{"line":66,"column":0},"end":{"line":66,"column":79}},"37":{"start":{"line":67,"column":0},"end":{"line":67,"column":48}},"38":{"start":{"line":68,"column":0},"end":{"line":68,"column":30}},"39":{"start":{"line":69,"column":0},"end":{"line":69,"column":32}},"40":{"start":{"line":70,"column":0},"end":{"line":70,"column":23}},"41":{"start":{"line":71,"column":0},"end":{"line":74,"column":4}},"42":{"start":{"line":75,"column":0},"end":{"line":75,"column":23}},"43":{"start":{"line":76,"column":0},"end":{"line":76,"column":27}},"44":{"start":{"line":77,"column":0},"end":{"line":77,"column":51}},"45":{"start":{"line":78,"column":0},"end":{"line":78,"column":28}},"46":{"start":{"line":79,"column":0},"end":{"line":88,"column":4}},"47":{"start":{"line":89,"column":0},"end":{"line":89,"column":31}},"48":{"start":{"line":90,"column":0},"end":{"line":90,"column":28}},"49":{"start":{"line":91,"column":0},"end":{"line":91,"column":17}},"50":{"start":{"line":99,"column":0},"end":{"line":99,"column":36}},"51":{"start":{"line":100,"column":0},"end":{"line":100,"column":35}},"52":{"start":{"line":101,"column":0},"end":{"line":101,"column":28}},"53":{"start":{"line":102,"column":0},"end":{"line":105,"column":3}},"54":{"start":{"line":103,"column":2},"end":{"line":103,"column":29}},"55":{"start":{"line":104,"column":2},"end":{"line":104,"column":9}},"56":{"start":{"line":106,"column":0},"end":{"line":119,"column":3}},"57":{"start":{"line":108,"column":2},"end":{"line":117,"column":3}},"58":{"start":{"line":113,"column":4},"end":{"line":113,"column":43}},"59":{"start":{"line":114,"column":9},"end":{"line":117,"column":3}},"60":{"start":{"line":116,"column":4},"end":{"line":116,"column":43}},"61":{"start":{"line":118,"column":2},"end":{"line":118,"column":9}},"62":{"start":{"line":120,"column":0},"end":{"line":120,"column":86}},"63":{"start":{"line":121,"column":0},"end":{"line":121,"column":112}},"64":{"start":{"line":122,"column":0},"end":{"line":122,"column":117}},"65":{"start":{"line":123,"column":0},"end":{"line":123,"column":116}},"66":{"start":{"line":124,"column":0},"end":{"line":124,"column":110}},"67":{"start":{"line":125,"column":0},"end":{"line":125,"column":139}},"68":{"start":{"line":130,"column":0},"end":{"line":130,"column":35}},"69":{"start":{"line":131,"column":0},"end":{"line":131,"column":43}},"70":{"start":{"line":132,"column":0},"end":{"line":132,"column":45}},"71":{"start":{"line":133,"column":0},"end":{"line":133,"column":42}},"72":{"start":{"line":134,"column":0},"end":{"line":134,"column":45}},"73":{"start":{"line":135,"column":0},"end":{"line":135,"column":47}},"74":{"start":{"line":136,"column":0},"end":{"line":136,"column":50}},"75":{"start":{"line":137,"column":0},"end":{"line":137,"column":52}},"76":{"start":{"line":138,"column":0},"end":{"line":138,"column":45}},"77":{"start":{"line":139,"column":0},"end":{"line":139,"column":47}},"78":{"start":{"line":140,"column":0},"end":{"line":140,"column":50}},"79":{"start":{"line":141,"column":0},"end":{"line":141,"column":52}},"80":{"start":{"line":142,"column":0},"end":{"line":142,"column":79}},"81":{"start":{"line":143,"column":0},"end":{"line":143,"column":95}},"82":{"start":{"line":144,"column":0},"end":{"line":144,"column":97}},"83":{"start":{"line":145,"column":0},"end":{"line":145,"column":94}},"84":{"start":{"line":146,"column":0},"end":{"line":146,"column":100}},"85":{"start":{"line":151,"column":0},"end":{"line":151,"column":38}},"86":{"start":{"line":152,"column":0},"end":{"line":152,"column":48}},"87":{"start":{"line":153,"column":0},"end":{"line":153,"column":51}},"88":{"start":{"line":154,"column":0},"end":{"line":154,"column":48}},"89":{"start":{"line":155,"column":0},"end":{"line":155,"column":107}},"90":{"start":{"line":156,"column":0},"end":{"line":156,"column":48}},"91":{"start":{"line":157,"column":0},"end":{"line":157,"column":50}},"92":{"start":{"line":158,"column":0},"end":{"line":158,"column":52}},"93":{"start":{"line":159,"column":0},"end":{"line":159,"column":48}},"94":{"start":{"line":160,"column":0},"end":{"line":160,"column":50}},"95":{"start":{"line":161,"column":0},"end":{"line":161,"column":54}},"96":{"start":{"line":162,"column":0},"end":{"line":162,"column":56}},"97":{"start":{"line":163,"column":0},"end":{"line":163,"column":117}},"98":{"start":{"line":164,"column":0},"end":{"line":164,"column":109}},"99":{"start":{"line":165,"column":0},"end":{"line":165,"column":113}},"100":{"start":{"line":166,"column":0},"end":{"line":166,"column":109}},"101":{"start":{"line":167,"column":0},"end":{"line":167,"column":111}},"102":{"start":{"line":168,"column":0},"end":{"line":168,"column":113}},"103":{"start":{"line":169,"column":0},"end":{"line":169,"column":113}},"104":{"start":{"line":170,"column":0},"end":{"line":170,"column":115}},"105":{"start":{"line":171,"column":0},"end":{"line":171,"column":48}},"106":{"start":{"line":172,"column":0},"end":{"line":172,"column":63}},"107":{"start":{"line":173,"column":0},"end":{"line":173,"column":61}},"108":{"start":{"line":174,"column":0},"end":{"line":174,"column":42}},"109":{"start":{"line":175,"column":0},"end":{"line":175,"column":52}},"110":{"start":{"line":176,"column":0},"end":{"line":176,"column":79}},"111":{"start":{"line":177,"column":0},"end":{"line":177,"column":115}},"112":{"start":{"line":178,"column":0},"end":{"line":178,"column":117}},"113":{"start":{"line":179,"column":0},"end":{"line":179,"column":57}},"114":{"start":{"line":180,"column":0},"end":{"line":180,"column":46}},"115":{"start":{"line":185,"column":0},"end":{"line":185,"column":63}},"116":{"start":{"line":186,"column":0},"end":{"line":188,"column":3}},"117":{"start":{"line":187,"column":2},"end":{"line":187,"column":44}},"118":{"start":{"line":189,"column":0},"end":{"line":189,"column":61}},"119":{"start":{"line":190,"column":0},"end":{"line":192,"column":3}},"120":{"start":{"line":191,"column":2},"end":{"line":191,"column":44}},"121":{"start":{"line":193,"column":0},"end":{"line":193,"column":101}},"122":{"start":{"line":194,"column":0},"end":{"line":196,"column":3}},"123":{"start":{"line":195,"column":2},"end":{"line":195,"column":44}},"124":{"start":{"line":197,"column":0},"end":{"line":197,"column":57}},"125":{"start":{"line":198,"column":0},"end":{"line":200,"column":3}},"126":{"start":{"line":199,"column":2},"end":{"line":199,"column":44}},"127":{"start":{"line":201,"column":0},"end":{"line":201,"column":85}},"128":{"start":{"line":202,"column":0},"end":{"line":204,"column":3}},"129":{"start":{"line":203,"column":2},"end":{"line":203,"column":44}},"130":{"start":{"line":205,"column":0},"end":{"line":205,"column":59}},"131":{"start":{"line":206,"column":0},"end":{"line":208,"column":3}},"132":{"start":{"line":207,"column":2},"end":{"line":207,"column":44}},"133":{"start":{"line":209,"column":0},"end":{"line":209,"column":86}},"134":{"start":{"line":210,"column":0},"end":{"line":212,"column":3}},"135":{"start":{"line":211,"column":2},"end":{"line":211,"column":44}},"136":{"start":{"line":217,"column":0},"end":{"line":217,"column":62}},"137":{"start":{"line":218,"column":0},"end":{"line":220,"column":3}},"138":{"start":{"line":219,"column":2},"end":{"line":219,"column":34}},"139":{"start":{"line":221,"column":0},"end":{"line":221,"column":54}},"140":{"start":{"line":222,"column":0},"end":{"line":224,"column":3}},"141":{"start":{"line":223,"column":2},"end":{"line":223,"column":30}},"142":{"start":{"line":225,"column":0},"end":{"line":225,"column":78}},"143":{"start":{"line":226,"column":0},"end":{"line":228,"column":3}},"144":{"start":{"line":227,"column":2},"end":{"line":227,"column":37}},"145":{"start":{"line":229,"column":0},"end":{"line":229,"column":99}},"146":{"start":{"line":230,"column":0},"end":{"line":232,"column":3}},"147":{"start":{"line":231,"column":2},"end":{"line":231,"column":33}},"148":{"start":{"line":234,"column":0},"end":{"line":234,"column":46}},"149":{"start":{"line":235,"column":0},"end":{"line":235,"column":47}},"150":{"start":{"line":236,"column":0},"end":{"line":236,"column":48}},"151":{"start":{"line":237,"column":0},"end":{"line":237,"column":58}},"152":{"start":{"line":242,"column":0},"end":{"line":250,"column":1}},"153":{"start":{"line":244,"column":2},"end":{"line":244,"column":26}},"154":{"start":{"line":246,"column":2},"end":{"line":249,"column":5}},"155":{"start":{"line":247,"column":4},"end":{"line":247,"column":23}},"156":{"start":{"line":248,"column":4},"end":{"line":248,"column":41}},"157":{"start":{"line":255,"column":0},"end":{"line":258,"column":3}},"158":{"start":{"line":256,"column":2},"end":{"line":256,"column":120}},"159":{"start":{"line":257,"column":2},"end":{"line":257,"column":42}},"160":{"start":{"line":260,"column":0},"end":{"line":260,"column":21}}},"fnMap":{"0":{"name":"(anonymous_0)","decl":{"start":{"line":56,"column":32},"end":{"line":56,"column":33}},"loc":{"start":{"line":56,"column":41},"end":{"line":60,"column":1}},"line":56},"1":{"name":"(anonymous_1)","decl":{"start":{"line":102,"column":8},"end":{"line":102,"column":9}},"loc":{"start":{"line":102,"column":28},"end":{"line":105,"column":1}},"line":102},"2":{"name":"(anonymous_2)","decl":{"start":{"line":106,"column":8},"end":{"line":106,"column":9}},"loc":{"start":{"line":106,"column":28},"end":{"line":119,"column":1}},"line":106},"3":{"name":"(anonymous_3)","decl":{"start":{"line":186,"column":103},"end":{"line":186,"column":104}},"loc":{"start":{"line":186,"column":117},"end":{"line":188,"column":1}},"line":186},"4":{"name":"(anonymous_4)","decl":{"start":{"line":190,"column":101},"end":{"line":190,"column":102}},"loc":{"start":{"line":190,"column":115},"end":{"line":192,"column":1}},"line":190},"5":{"name":"(anonymous_5)","decl":{"start":{"line":194,"column":101},"end":{"line":194,"column":102}},"loc":{"start":{"line":194,"column":115},"end":{"line":196,"column":1}},"line":194},"6":{"name":"(anonymous_6)","decl":{"start":{"line":198,"column":97},"end":{"line":198,"column":98}},"loc":{"start":{"line":198,"column":111},"end":{"line":200,"column":1}},"line":198},"7":{"name":"(anonymous_7)","decl":{"start":{"line":202,"column":97},"end":{"line":202,"column":98}},"loc":{"start":{"line":202,"column":111},"end":{"line":204,"column":1}},"line":202},"8":{"name":"(anonymous_8)","decl":{"start":{"line":206,"column":99},"end":{"line":206,"column":100}},"loc":{"start":{"line":206,"column":113},"end":{"line":208,"column":1}},"line":206},"9":{"name":"(anonymous_9)","decl":{"start":{"line":210,"column":101},"end":{"line":210,"column":102}},"loc":{"start":{"line":210,"column":115},"end":{"line":212,"column":1}},"line":210},"10":{"name":"(anonymous_10)","decl":{"start":{"line":218,"column":100},"end":{"line":218,"column":101}},"loc":{"start":{"line":218,"column":114},"end":{"line":220,"column":1}},"line":218},"11":{"name":"(anonymous_11)","decl":{"start":{"line":222,"column":92},"end":{"line":222,"column":93}},"loc":{"start":{"line":222,"column":106},"end":{"line":224,"column":1}},"line":222},"12":{"name":"(anonymous_12)","decl":{"start":{"line":226,"column":91},"end":{"line":226,"column":92}},"loc":{"start":{"line":226,"column":105},"end":{"line":228,"column":1}},"line":226},"13":{"name":"(anonymous_13)","decl":{"start":{"line":230,"column":100},"end":{"line":230,"column":101}},"loc":{"start":{"line":230,"column":114},"end":{"line":232,"column":1}},"line":230},"14":{"name":"(anonymous_14)","decl":{"start":{"line":246,"column":10},"end":{"line":246,"column":11}},"loc":{"start":{"line":246,"column":35},"end":{"line":249,"column":3}},"line":246},"15":{"name":"(anonymous_15)","decl":{"start":{"line":255,"column":28},"end":{"line":255,"column":29}},"loc":{"start":{"line":255,"column":34},"end":{"line":258,"column":1}},"line":255}},"branchMap":{"0":{"loc":{"start":{"line":65,"column":16},"end":{"line":65,"column":60}},"type":"binary-expr","locations":[{"start":{"line":65,"column":16},"end":{"line":65,"column":47}},{"start":{"line":65,"column":51},"end":{"line":65,"column":60}}],"line":65},"1":{"loc":{"start":{"line":66,"column":16},"end":{"line":66,"column":77}},"type":"binary-expr","locations":[{"start":{"line":66,"column":16},"end":{"line":66,"column":32}},{"start":{"line":66,"column":36},"end":{"line":66,"column":69}},{"start":{"line":66,"column":73},"end":{"line":66,"column":77}}],"line":66},"2":{"loc":{"start":{"line":108,"column":2},"end":{"line":117,"column":3}},"type":"if","locations":[{"start":{"line":108,"column":2},"end":{"line":117,"column":3}},{"start":{"line":108,"column":2},"end":{"line":117,"column":3}}],"line":108},"3":{"loc":{"start":{"line":108,"column":6},"end":{"line":112,"column":28}},"type":"binary-expr","locations":[{"start":{"line":108,"column":6},"end":{"line":108,"column":15}},{"start":{"line":109,"column":7},"end":{"line":109,"column":28}},{"start":{"line":110,"column":7},"end":{"line":110,"column":29}},{"start":{"line":111,"column":7},"end":{"line":111,"column":33}},{"start":{"line":112,"column":7},"end":{"line":112,"column":28}}],"line":108},"4":{"loc":{"start":{"line":114,"column":9},"end":{"line":117,"column":3}},"type":"if","locations":[{"start":{"line":114,"column":9},"end":{"line":117,"column":3}},{"start":{"line":114,"column":9},"end":{"line":117,"column":3}}],"line":114},"5":{"loc":{"start":{"line":114,"column":13},"end":{"line":115,"column":60}},"type":"binary-expr","locations":[{"start":{"line":114,"column":13},"end":{"line":114,"column":21}},{"start":{"line":115,"column":8},"end":{"line":115,"column":31}},{"start":{"line":115,"column":35},"end":{"line":115,"column":59}}],"line":114},"6":{"loc":{"start":{"line":187,"column":15},"end":{"line":187,"column":42}},"type":"binary-expr","locations":[{"start":{"line":187,"column":15},"end":{"line":187,"column":35}},{"start":{"line":187,"column":39},"end":{"line":187,"column":42}}],"line":187},"7":{"loc":{"start":{"line":191,"column":15},"end":{"line":191,"column":42}},"type":"binary-expr","locations":[{"start":{"line":191,"column":15},"end":{"line":191,"column":35}},{"start":{"line":191,"column":39},"end":{"line":191,"column":42}}],"line":191},"8":{"loc":{"start":{"line":195,"column":15},"end":{"line":195,"column":42}},"type":"binary-expr","locations":[{"start":{"line":195,"column":15},"end":{"line":195,"column":35}},{"start":{"line":195,"column":39},"end":{"line":195,"column":42}}],"line":195},"9":{"loc":{"start":{"line":199,"column":15},"end":{"line":199,"column":42}},"type":"binary-expr","locations":[{"start":{"line":199,"column":15},"end":{"line":199,"column":35}},{"start":{"line":199,"column":39},"end":{"line":199,"column":42}}],"line":199},"10":{"loc":{"start":{"line":203,"column":15},"end":{"line":203,"column":42}},"type":"binary-expr","locations":[{"start":{"line":203,"column":15},"end":{"line":203,"column":35}},{"start":{"line":203,"column":39},"end":{"line":203,"column":42}}],"line":203},"11":{"loc":{"start":{"line":207,"column":15},"end":{"line":207,"column":42}},"type":"binary-expr","locations":[{"start":{"line":207,"column":15},"end":{"line":207,"column":35}},{"start":{"line":207,"column":39},"end":{"line":207,"column":42}}],"line":207},"12":{"loc":{"start":{"line":211,"column":15},"end":{"line":211,"column":42}},"type":"binary-expr","locations":[{"start":{"line":211,"column":15},"end":{"line":211,"column":35}},{"start":{"line":211,"column":39},"end":{"line":211,"column":42}}],"line":211},"13":{"loc":{"start":{"line":242,"column":0},"end":{"line":250,"column":1}},"type":"if","locations":[{"start":{"line":242,"column":0},"end":{"line":250,"column":1}},{"start":{"line":242,"column":0},"end":{"line":250,"column":1}}],"line":242}},"s":{"0":2,"1":2,"2":2,"3":2,"4":2,"5":2,"6":2,"7":2,"8":2,"9":2,"10":2,"11":2,"12":2,"13":2,"14":2,"15":2,"16":2,"17":2,"18":2,"19":2,"20":2,"21":2,"22":1,"23":1,"24":1,"25":1,"26":1,"27":1,"28":1,"29":1,"30":1,"31":1,"32":0,"33":0,"34":0,"35":1,"36":1,"37":1,"38":1,"39":1,"40":1,"41":1,"42":1,"43":1,"44":1,"45":1,"46":1,"47":1,"48":1,"49":1,"50":1,"51":1,"52":1,"53":1,"54":15,"55":15,"56":1,"57":15,"58":13,"59":2,"60":0,"61":15,"62":1,"63":1,"64":1,"65":1,"66":1,"67":1,"68":1,"69":1,"70":1,"71":1,"72":1,"73":1,"74":1,"75":1,"76":1,"77":1,"78":1,"79":1,"80":1,"81":1,"82":1,"83":1,"84":1,"85":1,"86":1,"87":1,"88":1,"89":1,"90":1,"91":1,"92":1,"93":1,"94":1,"95":1,"96":1,"97":1,"98":1,"99":1,"100":1,"101":1,"102":1,"103":1,"104":1,"105":1,"106":1,"107":1,"108":1,"109":1,"110":1,"111":1,"112":1,"113":1,"114":1,"115":1,"116":1,"117":0,"118":1,"119":1,"120":0,"121":1,"122":1,"123":0,"124":1,"125":1,"126":0,"127":1,"128":1,"129":0,"130":1,"131":1,"132":0,"133":1,"134":1,"135":0,"136":1,"137":1,"138":0,"139":1,"140":1,"141":0,"142":1,"143":1,"144":0,"145":1,"146":1,"147":0,"148":1,"149":1,"150":1,"151":1,"152":1,"153":0,"154":1,"155":0,"156":0,"157":1,"158":1,"159":1,"160":1},"f":{"0":0,"1":15,"2":15,"3":0,"4":0,"5":0,"6":0,"7":0,"8":0,"9":0,"10":0,"11":0,"12":0,"13":0,"14":0,"15":1},"b":{"0":[1,1],"1":[1,1,1],"2":[13,2],"3":[15,15,14,13,13],"4":[0,2],"5":[2,0,0],"6":[0,0],"7":[0,0],"8":[0,0],"9":[0,0],"10":[0,0],"11":[0,0],"12":[0,0],"13":[0,1]},"_coverageSchema":"43e27e138ebf9cfc5966b082cf9a028302ed4184","hash":"45ed0e732aa85ea617228820180156c92068d165","contentHash":"6f97a992cdeecb09e617deccba786d453f8432ab087808cb313461c54b4845ad"},"/home/kieve/Projects/order-test/order-app/controllers/home.js":{"path":"/home/kieve/Projects/order-test/order-app/controllers/home.js","statementMap":{"0":{"start":{"line":5,"column":0},"end":{"line":9,"column":2}},"1":{"start":{"line":6,"column":2},"end":{"line":8,"column":5}}},"fnMap":{"0":{"name":"(anonymous_0)","decl":{"start":{"line":5,"column":16},"end":{"line":5,"column":17}},"loc":{"start":{"line":5,"column":30},"end":{"line":9,"column":1}},"line":5}},"branchMap":{},"s":{"0":2,"1":1},"f":{"0":1},"b":{},"_coverageSchema":"43e27e138ebf9cfc5966b082cf9a028302ed4184","hash":"2de4faf29516012d5380bd44dfa61fd82d7ec91c","contentHash":"2cb9a4bdd9b2a7b6bbd0adcb66820e9376d9f577b435ca13c2008d3147f0e3cb"},"/home/kieve/Projects/order-test/order-app/controllers/user.js":{"path":"/home/kieve/Projects/order-test/order-app/controllers/user.js","statementMap":{"0":{"start":{"line":1,"column":22},"end":{"line":1,"column":37}},"1":{"start":{"line":2,"column":15},"end":{"line":2,"column":32}},"2":{"start":{"line":3,"column":19},"end":{"line":3,"column":40}},"3":{"start":{"line":4,"column":17},"end":{"line":4,"column":36}},"4":{"start":{"line":5,"column":13},"end":{"line":5,"column":38}},"5":{"start":{"line":6,"column":20},"end":{"line":6,"column":51}},"6":{"start":{"line":8,"column":25},"end":{"line":8,"column":54}},"7":{"start":{"line":14,"column":0},"end":{"line":21,"column":2}},"8":{"start":{"line":15,"column":2},"end":{"line":17,"column":3}},"9":{"start":{"line":16,"column":4},"end":{"line":16,"column":29}},"10":{"start":{"line":18,"column":2},"end":{"line":20,"column":5}},"11":{"start":{"line":27,"column":0},"end":{"line":51,"column":2}},"12":{"start":{"line":28,"column":2},"end":{"line":28,"column":54}},"13":{"start":{"line":29,"column":2},"end":{"line":29,"column":64}},"14":{"start":{"line":30,"column":2},"end":{"line":30,"column":69}},"15":{"start":{"line":32,"column":17},"end":{"line":32,"column":39}},"16":{"start":{"line":34,"column":2},"end":{"line":37,"column":3}},"17":{"start":{"line":35,"column":4},"end":{"line":35,"column":32}},"18":{"start":{"line":36,"column":4},"end":{"line":36,"column":34}},"19":{"start":{"line":39,"column":2},"end":{"line":50,"column":21}},"20":{"start":{"line":40,"column":4},"end":{"line":40,"column":34}},"21":{"start":{"line":40,"column":15},"end":{"line":40,"column":32}},"22":{"start":{"line":41,"column":4},"end":{"line":44,"column":5}},"23":{"start":{"line":42,"column":6},"end":{"line":42,"column":32}},"24":{"start":{"line":43,"column":6},"end":{"line":43,"column":36}},"25":{"start":{"line":45,"column":4},"end":{"line":49,"column":7}},"26":{"start":{"line":46,"column":6},"end":{"line":46,"column":36}},"27":{"start":{"line":46,"column":17},"end":{"line":46,"column":34}},"28":{"start":{"line":47,"column":6},"end":{"line":47,"column":67}},"29":{"start":{"line":48,"column":6},"end":{"line":48,"column":48}},"30":{"start":{"line":57,"column":0},"end":{"line":64,"column":2}},"31":{"start":{"line":58,"column":2},"end":{"line":58,"column":15}},"32":{"start":{"line":59,"column":2},"end":{"line":63,"column":5}},"33":{"start":{"line":60,"column":4},"end":{"line":60,"column":86}},"34":{"start":{"line":60,"column":13},"end":{"line":60,"column":86}},"35":{"start":{"line":61,"column":4},"end":{"line":61,"column":20}},"36":{"start":{"line":62,"column":4},"end":{"line":62,"column":22}},"37":{"start":{"line":70,"column":0},"end":{"line":77,"column":2}},"38":{"start":{"line":71,"column":2},"end":{"line":73,"column":3}},"39":{"start":{"line":72,"column":4},"end":{"line":72,"column":29}},"40":{"start":{"line":74,"column":2},"end":{"line":76,"column":5}},"41":{"start":{"line":83,"column":0},"end":{"line":117,"column":2}},"42":{"start":{"line":84,"column":2},"end":{"line":84,"column":54}},"43":{"start":{"line":85,"column":2},"end":{"line":85,"column":79}},"44":{"start":{"line":86,"column":2},"end":{"line":86,"column":84}},"45":{"start":{"line":87,"column":2},"end":{"line":87,"column":69}},"46":{"start":{"line":89,"column":17},"end":{"line":89,"column":39}},"47":{"start":{"line":91,"column":2},"end":{"line":94,"column":3}},"48":{"start":{"line":92,"column":4},"end":{"line":92,"column":32}},"49":{"start":{"line":93,"column":4},"end":{"line":93,"column":35}},"50":{"start":{"line":96,"column":15},"end":{"line":99,"column":4}},"51":{"start":{"line":101,"column":2},"end":{"line":116,"column":5}},"52":{"start":{"line":102,"column":4},"end":{"line":102,"column":34}},"53":{"start":{"line":102,"column":15},"end":{"line":102,"column":32}},"54":{"start":{"line":103,"column":4},"end":{"line":106,"column":5}},"55":{"start":{"line":104,"column":6},"end":{"line":104,"column":86}},"56":{"start":{"line":105,"column":6},"end":{"line":105,"column":37}},"57":{"start":{"line":107,"column":4},"end":{"line":115,"column":7}},"58":{"start":{"line":108,"column":6},"end":{"line":108,"column":36}},"59":{"start":{"line":108,"column":17},"end":{"line":108,"column":34}},"60":{"start":{"line":109,"column":6},"end":{"line":114,"column":9}},"61":{"start":{"line":110,"column":8},"end":{"line":112,"column":9}},"62":{"start":{"line":111,"column":10},"end":{"line":111,"column":27}},"63":{"start":{"line":113,"column":8},"end":{"line":113,"column":26}},"64":{"start":{"line":123,"column":0},"end":{"line":127,"column":2}},"65":{"start":{"line":124,"column":2},"end":{"line":126,"column":5}},"66":{"start":{"line":133,"column":0},"end":{"line":163,"column":2}},"67":{"start":{"line":134,"column":2},"end":{"line":134,"column":71}},"68":{"start":{"line":135,"column":2},"end":{"line":135,"column":69}},"69":{"start":{"line":137,"column":17},"end":{"line":137,"column":39}},"70":{"start":{"line":139,"column":2},"end":{"line":142,"column":3}},"71":{"start":{"line":140,"column":4},"end":{"line":140,"column":32}},"72":{"start":{"line":141,"column":4},"end":{"line":141,"column":36}},"73":{"start":{"line":144,"column":2},"end":{"line":162,"column":5}},"74":{"start":{"line":145,"column":4},"end":{"line":145,"column":34}},"75":{"start":{"line":145,"column":15},"end":{"line":145,"column":32}},"76":{"start":{"line":146,"column":4},"end":{"line":146,"column":38}},"77":{"start":{"line":147,"column":4},"end":{"line":147,"column":44}},"78":{"start":{"line":148,"column":4},"end":{"line":148,"column":48}},"79":{"start":{"line":149,"column":4},"end":{"line":149,"column":52}},"80":{"start":{"line":150,"column":4},"end":{"line":150,"column":50}},"81":{"start":{"line":151,"column":4},"end":{"line":161,"column":7}},"82":{"start":{"line":152,"column":6},"end":{"line":158,"column":7}},"83":{"start":{"line":153,"column":8},"end":{"line":156,"column":9}},"84":{"start":{"line":154,"column":10},"end":{"line":154,"column":116}},"85":{"start":{"line":155,"column":10},"end":{"line":155,"column":42}},"86":{"start":{"line":157,"column":8},"end":{"line":157,"column":25}},"87":{"start":{"line":159,"column":6},"end":{"line":159,"column":77}},"88":{"start":{"line":160,"column":6},"end":{"line":160,"column":31}},"89":{"start":{"line":169,"column":0},"end":{"line":189,"column":2}},"90":{"start":{"line":170,"column":2},"end":{"line":170,"column":79}},"91":{"start":{"line":171,"column":2},"end":{"line":171,"column":84}},"92":{"start":{"line":173,"column":17},"end":{"line":173,"column":39}},"93":{"start":{"line":175,"column":2},"end":{"line":178,"column":3}},"94":{"start":{"line":176,"column":4},"end":{"line":176,"column":32}},"95":{"start":{"line":177,"column":4},"end":{"line":177,"column":36}},"96":{"start":{"line":180,"column":2},"end":{"line":188,"column":5}},"97":{"start":{"line":181,"column":4},"end":{"line":181,"column":34}},"98":{"start":{"line":181,"column":15},"end":{"line":181,"column":32}},"99":{"start":{"line":182,"column":4},"end":{"line":182,"column":38}},"100":{"start":{"line":183,"column":4},"end":{"line":187,"column":7}},"101":{"start":{"line":184,"column":6},"end":{"line":184,"column":36}},"102":{"start":{"line":184,"column":17},"end":{"line":184,"column":34}},"103":{"start":{"line":185,"column":6},"end":{"line":185,"column":66}},"104":{"start":{"line":186,"column":6},"end":{"line":186,"column":31}},"105":{"start":{"line":195,"column":0},"end":{"line":202,"column":2}},"106":{"start":{"line":196,"column":2},"end":{"line":201,"column":5}},"107":{"start":{"line":197,"column":4},"end":{"line":197,"column":34}},"108":{"start":{"line":197,"column":15},"end":{"line":197,"column":32}},"109":{"start":{"line":198,"column":4},"end":{"line":198,"column":17}},"110":{"start":{"line":199,"column":4},"end":{"line":199,"column":65}},"111":{"start":{"line":200,"column":4},"end":{"line":200,"column":22}},"112":{"start":{"line":208,"column":0},"end":{"line":237,"column":2}},"113":{"start":{"line":209,"column":23},"end":{"line":209,"column":33}},"114":{"start":{"line":210,"column":2},"end":{"line":236,"column":5}},"115":{"start":{"line":211,"column":4},"end":{"line":211,"column":34}},"116":{"start":{"line":211,"column":15},"end":{"line":211,"column":32}},"117":{"start":{"line":212,"column":30},"end":{"line":212,"column":52}},"118":{"start":{"line":213,"column":30},"end":{"line":213,"column":51}},"119":{"start":{"line":214,"column":4},"end":{"line":214,"column":40}},"120":{"start":{"line":215,"column":42},"end":{"line":216,"column":39}},"121":{"start":{"line":216,"column":6},"end":{"line":216,"column":38}},"122":{"start":{"line":220,"column":4},"end":{"line":229,"column":5}},"123":{"start":{"line":224,"column":6},"end":{"line":227,"column":9}},"124":{"start":{"line":228,"column":6},"end":{"line":228,"column":38}},"125":{"start":{"line":230,"column":4},"end":{"line":230,"column":48}},"126":{"start":{"line":231,"column":4},"end":{"line":235,"column":7}},"127":{"start":{"line":232,"column":6},"end":{"line":232,"column":36}},"128":{"start":{"line":232,"column":17},"end":{"line":232,"column":34}},"129":{"start":{"line":233,"column":6},"end":{"line":233,"column":84}},"130":{"start":{"line":234,"column":6},"end":{"line":234,"column":31}},"131":{"start":{"line":243,"column":0},"end":{"line":260,"column":2}},"132":{"start":{"line":244,"column":2},"end":{"line":246,"column":3}},"133":{"start":{"line":245,"column":4},"end":{"line":245,"column":29}},"134":{"start":{"line":247,"column":2},"end":{"line":259,"column":7}},"135":{"start":{"line":251,"column":6},"end":{"line":251,"column":36}},"136":{"start":{"line":251,"column":17},"end":{"line":251,"column":34}},"137":{"start":{"line":252,"column":6},"end":{"line":255,"column":7}},"138":{"start":{"line":253,"column":8},"end":{"line":253,"column":88}},"139":{"start":{"line":254,"column":8},"end":{"line":254,"column":39}},"140":{"start":{"line":256,"column":6},"end":{"line":258,"column":9}},"141":{"start":{"line":266,"column":0},"end":{"line":344,"column":2}},"142":{"start":{"line":267,"column":2},"end":{"line":267,"column":80}},"143":{"start":{"line":268,"column":2},"end":{"line":268,"column":75}},"144":{"start":{"line":270,"column":17},"end":{"line":270,"column":39}},"145":{"start":{"line":272,"column":2},"end":{"line":275,"column":3}},"146":{"start":{"line":273,"column":4},"end":{"line":273,"column":32}},"147":{"start":{"line":274,"column":4},"end":{"line":274,"column":32}},"148":{"start":{"line":277,"column":24},"end":{"line":295,"column":8}},"149":{"start":{"line":278,"column":4},"end":{"line":295,"column":8}},"150":{"start":{"line":282,"column":8},"end":{"line":285,"column":9}},"151":{"start":{"line":283,"column":10},"end":{"line":283,"column":90}},"152":{"start":{"line":284,"column":10},"end":{"line":284,"column":38}},"153":{"start":{"line":286,"column":8},"end":{"line":286,"column":42}},"154":{"start":{"line":287,"column":8},"end":{"line":287,"column":44}},"155":{"start":{"line":288,"column":8},"end":{"line":288,"column":46}},"156":{"start":{"line":289,"column":8},"end":{"line":294,"column":12}},"157":{"start":{"line":289,"column":38},"end":{"line":294,"column":10}},"158":{"start":{"line":290,"column":10},"end":{"line":293,"column":13}},"159":{"start":{"line":291,"column":12},"end":{"line":291,"column":44}},"160":{"start":{"line":291,"column":23},"end":{"line":291,"column":42}},"161":{"start":{"line":292,"column":12},"end":{"line":292,"column":26}},"162":{"start":{"line":297,"column":33},"end":{"line":338,"column":3}},"163":{"start":{"line":298,"column":4},"end":{"line":298,"column":26}},"164":{"start":{"line":298,"column":17},"end":{"line":298,"column":24}},"165":{"start":{"line":299,"column":22},"end":{"line":305,"column":6}},"166":{"start":{"line":306,"column":24},"end":{"line":311,"column":5}},"167":{"start":{"line":312,"column":4},"end":{"line":337,"column":9}},"168":{"start":{"line":314,"column":8},"end":{"line":314,"column":82}},"169":{"start":{"line":317,"column":8},"end":{"line":333,"column":9}},"170":{"start":{"line":318,"column":10},"end":{"line":318,"column":165}},"171":{"start":{"line":319,"column":10},"end":{"line":328,"column":13}},"172":{"start":{"line":329,"column":10},"end":{"line":332,"column":15}},"173":{"start":{"line":331,"column":14},"end":{"line":331,"column":88}},"174":{"start":{"line":334,"column":8},"end":{"line":334,"column":112}},"175":{"start":{"line":335,"column":8},"end":{"line":335,"column":166}},"176":{"start":{"line":336,"column":8},"end":{"line":336,"column":19}},"177":{"start":{"line":340,"column":2},"end":{"line":343,"column":29}},"178":{"start":{"line":342,"column":18},"end":{"line":342,"column":55}},"179":{"start":{"line":342,"column":37},"end":{"line":342,"column":55}},"180":{"start":{"line":343,"column":18},"end":{"line":343,"column":27}},"181":{"start":{"line":350,"column":0},"end":{"line":357,"column":2}},"182":{"start":{"line":351,"column":2},"end":{"line":353,"column":3}},"183":{"start":{"line":352,"column":4},"end":{"line":352,"column":29}},"184":{"start":{"line":354,"column":2},"end":{"line":356,"column":5}},"185":{"start":{"line":363,"column":0},"end":{"line":443,"column":2}},"186":{"start":{"line":364,"column":2},"end":{"line":364,"column":71}},"187":{"start":{"line":365,"column":2},"end":{"line":365,"column":69}},"188":{"start":{"line":367,"column":17},"end":{"line":367,"column":39}},"189":{"start":{"line":369,"column":2},"end":{"line":372,"column":3}},"190":{"start":{"line":370,"column":4},"end":{"line":370,"column":32}},"191":{"start":{"line":371,"column":4},"end":{"line":371,"column":35}},"192":{"start":{"line":374,"column":28},"end":{"line":375,"column":37}},"193":{"start":{"line":375,"column":17},"end":{"line":375,"column":36}},"194":{"start":{"line":377,"column":25},"end":{"line":389,"column":8}},"195":{"start":{"line":378,"column":4},"end":{"line":389,"column":8}},"196":{"start":{"line":381,"column":8},"end":{"line":387,"column":9}},"197":{"start":{"line":382,"column":10},"end":{"line":382,"column":90}},"198":{"start":{"line":384,"column":10},"end":{"line":384,"column":42}},"199":{"start":{"line":385,"column":10},"end":{"line":385,"column":59}},"200":{"start":{"line":386,"column":10},"end":{"line":386,"column":29}},"201":{"start":{"line":388,"column":8},"end":{"line":388,"column":20}},"202":{"start":{"line":391,"column":34},"end":{"line":436,"column":3}},"203":{"start":{"line":392,"column":4},"end":{"line":392,"column":26}},"204":{"start":{"line":392,"column":17},"end":{"line":392,"column":24}},"205":{"start":{"line":393,"column":18},"end":{"line":393,"column":41}},"206":{"start":{"line":394,"column":22},"end":{"line":400,"column":6}},"207":{"start":{"line":401,"column":24},"end":{"line":409,"column":5}},"208":{"start":{"line":410,"column":4},"end":{"line":435,"column":9}},"209":{"start":{"line":412,"column":8},"end":{"line":412,"column":106}},"210":{"start":{"line":415,"column":8},"end":{"line":431,"column":9}},"211":{"start":{"line":416,"column":10},"end":{"line":416,"column":165}},"212":{"start":{"line":417,"column":10},"end":{"line":426,"column":13}},"213":{"start":{"line":427,"column":10},"end":{"line":430,"column":15}},"214":{"start":{"line":429,"column":14},"end":{"line":429,"column":112}},"215":{"start":{"line":432,"column":8},"end":{"line":432,"column":100}},"216":{"start":{"line":433,"column":8},"end":{"line":433,"column":108}},"217":{"start":{"line":434,"column":8},"end":{"line":434,"column":19}},"218":{"start":{"line":438,"column":2},"end":{"line":442,"column":17}},"219":{"start":{"line":441,"column":16},"end":{"line":441,"column":39}}},"fnMap":{"0":{"name":"(anonymous_0)","decl":{"start":{"line":14,"column":19},"end":{"line":14,"column":20}},"loc":{"start":{"line":14,"column":33},"end":{"line":21,"column":1}},"line":14},"1":{"name":"(anonymous_1)","decl":{"start":{"line":27,"column":20},"end":{"line":27,"column":21}},"loc":{"start":{"line":27,"column":40},"end":{"line":51,"column":1}},"line":27},"2":{"name":"(anonymous_2)","decl":{"start":{"line":39,"column":33},"end":{"line":39,"column":34}},"loc":{"start":{"line":39,"column":54},"end":{"line":50,"column":3}},"line":39},"3":{"name":"(anonymous_3)","decl":{"start":{"line":45,"column":20},"end":{"line":45,"column":21}},"loc":{"start":{"line":45,"column":29},"end":{"line":49,"column":5}},"line":45},"4":{"name":"(anonymous_4)","decl":{"start":{"line":57,"column":17},"end":{"line":57,"column":18}},"loc":{"start":{"line":57,"column":31},"end":{"line":64,"column":1}},"line":57},"5":{"name":"(anonymous_5)","decl":{"start":{"line":59,"column":22},"end":{"line":59,"column":23}},"loc":{"start":{"line":59,"column":31},"end":{"line":63,"column":3}},"line":59},"6":{"name":"(anonymous_6)","decl":{"start":{"line":70,"column":20},"end":{"line":70,"column":21}},"loc":{"start":{"line":70,"column":34},"end":{"line":77,"column":1}},"line":70},"7":{"name":"(anonymous_7)","decl":{"start":{"line":83,"column":21},"end":{"line":83,"column":22}},"loc":{"start":{"line":83,"column":41},"end":{"line":117,"column":1}},"line":83},"8":{"name":"(anonymous_8)","decl":{"start":{"line":101,"column":42},"end":{"line":101,"column":43}},"loc":{"start":{"line":101,"column":65},"end":{"line":116,"column":3}},"line":101},"9":{"name":"(anonymous_9)","decl":{"start":{"line":107,"column":14},"end":{"line":107,"column":15}},"loc":{"start":{"line":107,"column":23},"end":{"line":115,"column":5}},"line":107},"10":{"name":"(anonymous_10)","decl":{"start":{"line":109,"column":22},"end":{"line":109,"column":23}},"loc":{"start":{"line":109,"column":31},"end":{"line":114,"column":7}},"line":109},"11":{"name":"(anonymous_11)","decl":{"start":{"line":123,"column":21},"end":{"line":123,"column":22}},"loc":{"start":{"line":123,"column":35},"end":{"line":127,"column":1}},"line":123},"12":{"name":"(anonymous_12)","decl":{"start":{"line":133,"column":28},"end":{"line":133,"column":29}},"loc":{"start":{"line":133,"column":48},"end":{"line":163,"column":1}},"line":133},"13":{"name":"(anonymous_13)","decl":{"start":{"line":144,"column":29},"end":{"line":144,"column":30}},"loc":{"start":{"line":144,"column":44},"end":{"line":162,"column":3}},"line":144},"14":{"name":"(anonymous_14)","decl":{"start":{"line":151,"column":14},"end":{"line":151,"column":15}},"loc":{"start":{"line":151,"column":23},"end":{"line":161,"column":5}},"line":151},"15":{"name":"(anonymous_15)","decl":{"start":{"line":169,"column":29},"end":{"line":169,"column":30}},"loc":{"start":{"line":169,"column":49},"end":{"line":189,"column":1}},"line":169},"16":{"name":"(anonymous_16)","decl":{"start":{"line":180,"column":29},"end":{"line":180,"column":30}},"loc":{"start":{"line":180,"column":44},"end":{"line":188,"column":3}},"line":180},"17":{"name":"(anonymous_17)","decl":{"start":{"line":183,"column":14},"end":{"line":183,"column":15}},"loc":{"start":{"line":183,"column":23},"end":{"line":187,"column":5}},"line":183},"18":{"name":"(anonymous_18)","decl":{"start":{"line":195,"column":28},"end":{"line":195,"column":29}},"loc":{"start":{"line":195,"column":48},"end":{"line":202,"column":1}},"line":195},"19":{"name":"(anonymous_19)","decl":{"start":{"line":196,"column":39},"end":{"line":196,"column":40}},"loc":{"start":{"line":196,"column":48},"end":{"line":201,"column":3}},"line":196},"20":{"name":"(anonymous_20)","decl":{"start":{"line":208,"column":25},"end":{"line":208,"column":26}},"loc":{"start":{"line":208,"column":45},"end":{"line":237,"column":1}},"line":208},"21":{"name":"(anonymous_21)","decl":{"start":{"line":210,"column":29},"end":{"line":210,"column":30}},"loc":{"start":{"line":210,"column":44},"end":{"line":236,"column":3}},"line":210},"22":{"name":"(anonymous_22)","decl":{"start":{"line":215,"column":61},"end":{"line":215,"column":62}},"loc":{"start":{"line":216,"column":6},"end":{"line":216,"column":38}},"line":216},"23":{"name":"(anonymous_23)","decl":{"start":{"line":231,"column":14},"end":{"line":231,"column":15}},"loc":{"start":{"line":231,"column":23},"end":{"line":235,"column":5}},"line":231},"24":{"name":"(anonymous_24)","decl":{"start":{"line":243,"column":19},"end":{"line":243,"column":20}},"loc":{"start":{"line":243,"column":39},"end":{"line":260,"column":1}},"line":243},"25":{"name":"(anonymous_25)","decl":{"start":{"line":250,"column":10},"end":{"line":250,"column":11}},"loc":{"start":{"line":250,"column":25},"end":{"line":259,"column":5}},"line":250},"26":{"name":"(anonymous_26)","decl":{"start":{"line":266,"column":20},"end":{"line":266,"column":21}},"loc":{"start":{"line":266,"column":40},"end":{"line":344,"column":1}},"line":266},"27":{"name":"(anonymous_27)","decl":{"start":{"line":277,"column":24},"end":{"line":277,"column":25}},"loc":{"start":{"line":278,"column":4},"end":{"line":295,"column":8}},"line":278},"28":{"name":"(anonymous_28)","decl":{"start":{"line":281,"column":12},"end":{"line":281,"column":13}},"loc":{"start":{"line":281,"column":22},"end":{"line":295,"column":7}},"line":281},"29":{"name":"(anonymous_29)","decl":{"start":{"line":289,"column":32},"end":{"line":289,"column":33}},"loc":{"start":{"line":289,"column":38},"end":{"line":294,"column":10}},"line":289},"30":{"name":"(anonymous_30)","decl":{"start":{"line":289,"column":50},"end":{"line":289,"column":51}},"loc":{"start":{"line":289,"column":71},"end":{"line":294,"column":9}},"line":289},"31":{"name":"(anonymous_31)","decl":{"start":{"line":290,"column":26},"end":{"line":290,"column":27}},"loc":{"start":{"line":290,"column":35},"end":{"line":293,"column":11}},"line":290},"32":{"name":"(anonymous_32)","decl":{"start":{"line":297,"column":33},"end":{"line":297,"column":34}},"loc":{"start":{"line":297,"column":43},"end":{"line":338,"column":3}},"line":297},"33":{"name":"(anonymous_33)","decl":{"start":{"line":313,"column":12},"end":{"line":313,"column":13}},"loc":{"start":{"line":313,"column":18},"end":{"line":315,"column":7}},"line":313},"34":{"name":"(anonymous_34)","decl":{"start":{"line":316,"column":13},"end":{"line":316,"column":14}},"loc":{"start":{"line":316,"column":22},"end":{"line":337,"column":7}},"line":316},"35":{"name":"(anonymous_35)","decl":{"start":{"line":330,"column":18},"end":{"line":330,"column":19}},"loc":{"start":{"line":330,"column":24},"end":{"line":332,"column":13}},"line":330},"36":{"name":"(anonymous_36)","decl":{"start":{"line":342,"column":10},"end":{"line":342,"column":11}},"loc":{"start":{"line":342,"column":16},"end":{"line":342,"column":57}},"line":342},"37":{"name":"(anonymous_37)","decl":{"start":{"line":343,"column":11},"end":{"line":343,"column":12}},"loc":{"start":{"line":343,"column":18},"end":{"line":343,"column":27}},"line":343},"38":{"name":"(anonymous_38)","decl":{"start":{"line":350,"column":20},"end":{"line":350,"column":21}},"loc":{"start":{"line":350,"column":34},"end":{"line":357,"column":1}},"line":350},"39":{"name":"(anonymous_39)","decl":{"start":{"line":363,"column":21},"end":{"line":363,"column":22}},"loc":{"start":{"line":363,"column":41},"end":{"line":443,"column":1}},"line":363},"40":{"name":"(anonymous_40)","decl":{"start":{"line":375,"column":10},"end":{"line":375,"column":11}},"loc":{"start":{"line":375,"column":17},"end":{"line":375,"column":36}},"line":375},"41":{"name":"(anonymous_41)","decl":{"start":{"line":377,"column":25},"end":{"line":377,"column":26}},"loc":{"start":{"line":378,"column":4},"end":{"line":389,"column":8}},"line":378},"42":{"name":"(anonymous_42)","decl":{"start":{"line":380,"column":12},"end":{"line":380,"column":13}},"loc":{"start":{"line":380,"column":22},"end":{"line":389,"column":7}},"line":380},"43":{"name":"(anonymous_43)","decl":{"start":{"line":391,"column":34},"end":{"line":391,"column":35}},"loc":{"start":{"line":391,"column":44},"end":{"line":436,"column":3}},"line":391},"44":{"name":"(anonymous_44)","decl":{"start":{"line":411,"column":12},"end":{"line":411,"column":13}},"loc":{"start":{"line":411,"column":18},"end":{"line":413,"column":7}},"line":411},"45":{"name":"(anonymous_45)","decl":{"start":{"line":414,"column":13},"end":{"line":414,"column":14}},"loc":{"start":{"line":414,"column":22},"end":{"line":435,"column":7}},"line":414},"46":{"name":"(anonymous_46)","decl":{"start":{"line":428,"column":18},"end":{"line":428,"column":19}},"loc":{"start":{"line":428,"column":24},"end":{"line":430,"column":13}},"line":428},"47":{"name":"(anonymous_47)","decl":{"start":{"line":441,"column":10},"end":{"line":441,"column":11}},"loc":{"start":{"line":441,"column":16},"end":{"line":441,"column":39}},"line":441}},"branchMap":{"0":{"loc":{"start":{"line":15,"column":2},"end":{"line":17,"column":3}},"type":"if","locations":[{"start":{"line":15,"column":2},"end":{"line":17,"column":3}},{"start":{"line":15,"column":2},"end":{"line":17,"column":3}}],"line":15},"1":{"loc":{"start":{"line":34,"column":2},"end":{"line":37,"column":3}},"type":"if","locations":[{"start":{"line":34,"column":2},"end":{"line":37,"column":3}},{"start":{"line":34,"column":2},"end":{"line":37,"column":3}}],"line":34},"2":{"loc":{"start":{"line":40,"column":4},"end":{"line":40,"column":34}},"type":"if","locations":[{"start":{"line":40,"column":4},"end":{"line":40,"column":34}},{"start":{"line":40,"column":4},"end":{"line":40,"column":34}}],"line":40},"3":{"loc":{"start":{"line":41,"column":4},"end":{"line":44,"column":5}},"type":"if","locations":[{"start":{"line":41,"column":4},"end":{"line":44,"column":5}},{"start":{"line":41,"column":4},"end":{"line":44,"column":5}}],"line":41},"4":{"loc":{"start":{"line":46,"column":6},"end":{"line":46,"column":36}},"type":"if","locations":[{"start":{"line":46,"column":6},"end":{"line":46,"column":36}},{"start":{"line":46,"column":6},"end":{"line":46,"column":36}}],"line":46},"5":{"loc":{"start":{"line":48,"column":19},"end":{"line":48,"column":46}},"type":"binary-expr","locations":[{"start":{"line":48,"column":19},"end":{"line":48,"column":39}},{"start":{"line":48,"column":43},"end":{"line":48,"column":46}}],"line":48},"6":{"loc":{"start":{"line":60,"column":4},"end":{"line":60,"column":86}},"type":"if","locations":[{"start":{"line":60,"column":4},"end":{"line":60,"column":86}},{"start":{"line":60,"column":4},"end":{"line":60,"column":86}}],"line":60},"7":{"loc":{"start":{"line":71,"column":2},"end":{"line":73,"column":3}},"type":"if","locations":[{"start":{"line":71,"column":2},"end":{"line":73,"column":3}},{"start":{"line":71,"column":2},"end":{"line":73,"column":3}}],"line":71},"8":{"loc":{"start":{"line":91,"column":2},"end":{"line":94,"column":3}},"type":"if","locations":[{"start":{"line":91,"column":2},"end":{"line":94,"column":3}},{"start":{"line":91,"column":2},"end":{"line":94,"column":3}}],"line":91},"9":{"loc":{"start":{"line":102,"column":4},"end":{"line":102,"column":34}},"type":"if","locations":[{"start":{"line":102,"column":4},"end":{"line":102,"column":34}},{"start":{"line":102,"column":4},"end":{"line":102,"column":34}}],"line":102},"10":{"loc":{"start":{"line":103,"column":4},"end":{"line":106,"column":5}},"type":"if","locations":[{"start":{"line":103,"column":4},"end":{"line":106,"column":5}},{"start":{"line":103,"column":4},"end":{"line":106,"column":5}}],"line":103},"11":{"loc":{"start":{"line":108,"column":6},"end":{"line":108,"column":36}},"type":"if","locations":[{"start":{"line":108,"column":6},"end":{"line":108,"column":36}},{"start":{"line":108,"column":6},"end":{"line":108,"column":36}}],"line":108},"12":{"loc":{"start":{"line":110,"column":8},"end":{"line":112,"column":9}},"type":"if","locations":[{"start":{"line":110,"column":8},"end":{"line":112,"column":9}},{"start":{"line":110,"column":8},"end":{"line":112,"column":9}}],"line":110},"13":{"loc":{"start":{"line":139,"column":2},"end":{"line":142,"column":3}},"type":"if","locations":[{"start":{"line":139,"column":2},"end":{"line":142,"column":3}},{"start":{"line":139,"column":2},"end":{"line":142,"column":3}}],"line":139},"14":{"loc":{"start":{"line":145,"column":4},"end":{"line":145,"column":34}},"type":"if","locations":[{"start":{"line":145,"column":4},"end":{"line":145,"column":34}},{"start":{"line":145,"column":4},"end":{"line":145,"column":34}}],"line":145},"15":{"loc":{"start":{"line":146,"column":17},"end":{"line":146,"column":37}},"type":"binary-expr","locations":[{"start":{"line":146,"column":17},"end":{"line":146,"column":31}},{"start":{"line":146,"column":35},"end":{"line":146,"column":37}}],"line":146},"16":{"loc":{"start":{"line":147,"column":24},"end":{"line":147,"column":43}},"type":"binary-expr","locations":[{"start":{"line":147,"column":24},"end":{"line":147,"column":37}},{"start":{"line":147,"column":41},"end":{"line":147,"column":43}}],"line":147},"17":{"loc":{"start":{"line":148,"column":26},"end":{"line":148,"column":47}},"type":"binary-expr","locations":[{"start":{"line":148,"column":26},"end":{"line":148,"column":41}},{"start":{"line":148,"column":45},"end":{"line":148,"column":47}}],"line":148},"18":{"loc":{"start":{"line":149,"column":28},"end":{"line":149,"column":51}},"type":"binary-expr","locations":[{"start":{"line":149,"column":28},"end":{"line":149,"column":45}},{"start":{"line":149,"column":49},"end":{"line":149,"column":51}}],"line":149},"19":{"loc":{"start":{"line":150,"column":27},"end":{"line":150,"column":49}},"type":"binary-expr","locations":[{"start":{"line":150,"column":27},"end":{"line":150,"column":43}},{"start":{"line":150,"column":47},"end":{"line":150,"column":49}}],"line":150},"20":{"loc":{"start":{"line":152,"column":6},"end":{"line":158,"column":7}},"type":"if","locations":[{"start":{"line":152,"column":6},"end":{"line":158,"column":7}},{"start":{"line":152,"column":6},"end":{"line":158,"column":7}}],"line":152},"21":{"loc":{"start":{"line":153,"column":8},"end":{"line":156,"column":9}},"type":"if","locations":[{"start":{"line":153,"column":8},"end":{"line":156,"column":9}},{"start":{"line":153,"column":8},"end":{"line":156,"column":9}}],"line":153},"22":{"loc":{"start":{"line":175,"column":2},"end":{"line":178,"column":3}},"type":"if","locations":[{"start":{"line":175,"column":2},"end":{"line":178,"column":3}},{"start":{"line":175,"column":2},"end":{"line":178,"column":3}}],"line":175},"23":{"loc":{"start":{"line":181,"column":4},"end":{"line":181,"column":34}},"type":"if","locations":[{"start":{"line":181,"column":4},"end":{"line":181,"column":34}},{"start":{"line":181,"column":4},"end":{"line":181,"column":34}}],"line":181},"24":{"loc":{"start":{"line":184,"column":6},"end":{"line":184,"column":36}},"type":"if","locations":[{"start":{"line":184,"column":6},"end":{"line":184,"column":36}},{"start":{"line":184,"column":6},"end":{"line":184,"column":36}}],"line":184},"25":{"loc":{"start":{"line":197,"column":4},"end":{"line":197,"column":34}},"type":"if","locations":[{"start":{"line":197,"column":4},"end":{"line":197,"column":34}},{"start":{"line":197,"column":4},"end":{"line":197,"column":34}}],"line":197},"26":{"loc":{"start":{"line":211,"column":4},"end":{"line":211,"column":34}},"type":"if","locations":[{"start":{"line":211,"column":4},"end":{"line":211,"column":34}},{"start":{"line":211,"column":4},"end":{"line":211,"column":34}}],"line":211},"27":{"loc":{"start":{"line":220,"column":4},"end":{"line":229,"column":5}},"type":"if","locations":[{"start":{"line":220,"column":4},"end":{"line":229,"column":5}},{"start":{"line":220,"column":4},"end":{"line":229,"column":5}}],"line":220},"28":{"loc":{"start":{"line":221,"column":6},"end":{"line":222,"column":51}},"type":"binary-expr","locations":[{"start":{"line":221,"column":6},"end":{"line":221,"column":36}},{"start":{"line":222,"column":9},"end":{"line":222,"column":51}}],"line":221},"29":{"loc":{"start":{"line":221,"column":8},"end":{"line":221,"column":35}},"type":"binary-expr","locations":[{"start":{"line":221,"column":8},"end":{"line":221,"column":18}},{"start":{"line":221,"column":22},"end":{"line":221,"column":35}}],"line":221},"30":{"loc":{"start":{"line":232,"column":6},"end":{"line":232,"column":36}},"type":"if","locations":[{"start":{"line":232,"column":6},"end":{"line":232,"column":36}},{"start":{"line":232,"column":6},"end":{"line":232,"column":36}}],"line":232},"31":{"loc":{"start":{"line":244,"column":2},"end":{"line":246,"column":3}},"type":"if","locations":[{"start":{"line":244,"column":2},"end":{"line":246,"column":3}},{"start":{"line":244,"column":2},"end":{"line":246,"column":3}}],"line":244},"32":{"loc":{"start":{"line":251,"column":6},"end":{"line":251,"column":36}},"type":"if","locations":[{"start":{"line":251,"column":6},"end":{"line":251,"column":36}},{"start":{"line":251,"column":6},"end":{"line":251,"column":36}}],"line":251},"33":{"loc":{"start":{"line":252,"column":6},"end":{"line":255,"column":7}},"type":"if","locations":[{"start":{"line":252,"column":6},"end":{"line":255,"column":7}},{"start":{"line":252,"column":6},"end":{"line":255,"column":7}}],"line":252},"34":{"loc":{"start":{"line":272,"column":2},"end":{"line":275,"column":3}},"type":"if","locations":[{"start":{"line":272,"column":2},"end":{"line":275,"column":3}},{"start":{"line":272,"column":2},"end":{"line":275,"column":3}}],"line":272},"35":{"loc":{"start":{"line":282,"column":8},"end":{"line":285,"column":9}},"type":"if","locations":[{"start":{"line":282,"column":8},"end":{"line":285,"column":9}},{"start":{"line":282,"column":8},"end":{"line":285,"column":9}}],"line":282},"36":{"loc":{"start":{"line":291,"column":12},"end":{"line":291,"column":44}},"type":"if","locations":[{"start":{"line":291,"column":12},"end":{"line":291,"column":44}},{"start":{"line":291,"column":12},"end":{"line":291,"column":44}}],"line":291},"37":{"loc":{"start":{"line":298,"column":4},"end":{"line":298,"column":26}},"type":"if","locations":[{"start":{"line":298,"column":4},"end":{"line":298,"column":26}},{"start":{"line":298,"column":4},"end":{"line":298,"column":26}}],"line":298},"38":{"loc":{"start":{"line":317,"column":8},"end":{"line":333,"column":9}},"type":"if","locations":[{"start":{"line":317,"column":8},"end":{"line":333,"column":9}},{"start":{"line":317,"column":8},"end":{"line":333,"column":9}}],"line":317},"39":{"loc":{"start":{"line":342,"column":18},"end":{"line":342,"column":55}},"type":"if","locations":[{"start":{"line":342,"column":18},"end":{"line":342,"column":55}},{"start":{"line":342,"column":18},"end":{"line":342,"column":55}}],"line":342},"40":{"loc":{"start":{"line":351,"column":2},"end":{"line":353,"column":3}},"type":"if","locations":[{"start":{"line":351,"column":2},"end":{"line":353,"column":3}},{"start":{"line":351,"column":2},"end":{"line":353,"column":3}}],"line":351},"41":{"loc":{"start":{"line":369,"column":2},"end":{"line":372,"column":3}},"type":"if","locations":[{"start":{"line":369,"column":2},"end":{"line":372,"column":3}},{"start":{"line":369,"column":2},"end":{"line":372,"column":3}}],"line":369},"42":{"loc":{"start":{"line":381,"column":8},"end":{"line":387,"column":9}},"type":"if","locations":[{"start":{"line":381,"column":8},"end":{"line":387,"column":9}},{"start":{"line":381,"column":8},"end":{"line":387,"column":9}}],"line":381},"43":{"loc":{"start":{"line":392,"column":4},"end":{"line":392,"column":26}},"type":"if","locations":[{"start":{"line":392,"column":4},"end":{"line":392,"column":26}},{"start":{"line":392,"column":4},"end":{"line":392,"column":26}}],"line":392},"44":{"loc":{"start":{"line":415,"column":8},"end":{"line":431,"column":9}},"type":"if","locations":[{"start":{"line":415,"column":8},"end":{"line":431,"column":9}},{"start":{"line":415,"column":8},"end":{"line":431,"column":9}}],"line":415}},"s":{"0":2,"1":2,"2":2,"3":2,"4":2,"5":1,"6":1,"7":1,"8":1,"9":0,"10":1,"11":1,"12":0,"13":0,"14":0,"15":0,"16":0,"17":0,"18":0,"19":0,"20":0,"21":0,"22":0,"23":0,"24":0,"25":0,"26":0,"27":0,"28":0,"29":0,"30":1,"31":0,"32":0,"33":0,"34":0,"35":0,"36":0,"37":1,"38":1,"39":0,"40":1,"41":1,"42":0,"43":0,"44":0,"45":0,"46":0,"47":0,"48":0,"49":0,"50":0,"51":0,"52":0,"53":0,"54":0,"55":0,"56":0,"57":0,"58":0,"59":0,"60":0,"61":0,"62":0,"63":0,"64":1,"65":0,"66":1,"67":0,"68":0,"69":0,"70":0,"71":0,"72":0,"73":0,"74":0,"75":0,"76":0,"77":0,"78":0,"79":0,"80":0,"81":0,"82":0,"83":0,"84":0,"85":0,"86":0,"87":0,"88":0,"89":1,"90":0,"91":0,"92":0,"93":0,"94":0,"95":0,"96":0,"97":0,"98":0,"99":0,"100":0,"101":0,"102":0,"103":0,"104":0,"105":1,"106":0,"107":0,"108":0,"109":0,"110":0,"111":0,"112":1,"113":0,"114":0,"115":0,"116":0,"117":0,"118":0,"119":0,"120":0,"121":0,"122":0,"123":0,"124":0,"125":0,"126":0,"127":0,"128":0,"129":0,"130":0,"131":1,"132":0,"133":0,"134":0,"135":0,"136":0,"137":0,"138":0,"139":0,"140":0,"141":1,"142":0,"143":0,"144":0,"145":0,"146":0,"147":0,"148":0,"149":0,"150":0,"151":0,"152":0,"153":0,"154":0,"155":0,"156":0,"157":0,"158":0,"159":0,"160":0,"161":0,"162":0,"163":0,"164":0,"165":0,"166":0,"167":0,"168":0,"169":0,"170":0,"171":0,"172":0,"173":0,"174":0,"175":0,"176":0,"177":0,"178":0,"179":0,"180":0,"181":1,"182":0,"183":0,"184":0,"185":1,"186":0,"187":0,"188":0,"189":0,"190":0,"191":0,"192":0,"193":0,"194":0,"195":0,"196":0,"197":0,"198":0,"199":0,"200":0,"201":0,"202":0,"203":0,"204":0,"205":0,"206":0,"207":0,"208":0,"209":0,"210":0,"211":0,"212":0,"213":0,"214":0,"215":0,"216":0,"217":0,"218":0,"219":0},"f":{"0":1,"1":0,"2":0,"3":0,"4":0,"5":0,"6":1,"7":0,"8":0,"9":0,"10":0,"11":0,"12":0,"13":0,"14":0,"15":0,"16":0,"17":0,"18":0,"19":0,"20":0,"21":0,"22":0,"23":0,"24":0,"25":0,"26":0,"27":0,"28":0,"29":0,"30":0,"31":0,"32":0,"33":0,"34":0,"35":0,"36":0,"37":0,"38":0,"39":0,"40":0,"41":0,"42":0,"43":0,"44":0,"45":0,"46":0,"47":0},"b":{"0":[0,1],"1":[0,0],"2":[0,0],"3":[0,0],"4":[0,0],"5":[0,0],"6":[0,0],"7":[0,1],"8":[0,0],"9":[0,0],"10":[0,0],"11":[0,0],"12":[0,0],"13":[0,0],"14":[0,0],"15":[0,0],"16":[0,0],"17":[0,0],"18":[0,0],"19":[0,0],"20":[0,0],"21":[0,0],"22":[0,0],"23":[0,0],"24":[0,0],"25":[0,0],"26":[0,0],"27":[0,0],"28":[0,0],"29":[0,0],"30":[0,0],"31":[0,0],"32":[0,0],"33":[0,0],"34":[0,0],"35":[0,0],"36":[0,0],"37":[0,0],"38":[0,0],"39":[0,0],"40":[0,0],"41":[0,0],"42":[0,0],"43":[0,0],"44":[0,0]},"_coverageSchema":"43e27e138ebf9cfc5966b082cf9a028302ed4184","hash":"223810752fc7b19e10b7fe62734bb745728fef4d","contentHash":"bd4767208d40c5c4a66aa6765ec43fda0a34130dc4a839e9fd058b9a32bf5962"},"/home/kieve/Projects/order-test/order-app/models/User.js":{"path":"/home/kieve/Projects/order-test/order-app/models/User.js","statementMap":{"0":{"start":{"line":1,"column":15},"end":{"line":1,"column":39}},"1":{"start":{"line":2,"column":15},"end":{"line":2,"column":32}},"2":{"start":{"line":3,"column":17},"end":{"line":3,"column":36}},"3":{"start":{"line":5,"column":19},"end":{"line":28,"column":24}},"4":{"start":{"line":33,"column":0},"end":{"line":44,"column":3}},"5":{"start":{"line":34,"column":15},"end":{"line":34,"column":19}},"6":{"start":{"line":35,"column":2},"end":{"line":35,"column":54}},"7":{"start":{"line":35,"column":38},"end":{"line":35,"column":52}},"8":{"start":{"line":36,"column":2},"end":{"line":43,"column":5}},"9":{"start":{"line":37,"column":4},"end":{"line":37,"column":34}},"10":{"start":{"line":37,"column":15},"end":{"line":37,"column":32}},"11":{"start":{"line":38,"column":4},"end":{"line":42,"column":7}},"12":{"start":{"line":39,"column":6},"end":{"line":39,"column":36}},"13":{"start":{"line":39,"column":17},"end":{"line":39,"column":34}},"14":{"start":{"line":40,"column":6},"end":{"line":40,"column":27}},"15":{"start":{"line":41,"column":6},"end":{"line":41,"column":13}},"16":{"start":{"line":49,"column":0},"end":{"line":53,"column":2}},"17":{"start":{"line":50,"column":2},"end":{"line":52,"column":5}},"18":{"start":{"line":51,"column":4},"end":{"line":51,"column":21}},"19":{"start":{"line":58,"column":0},"end":{"line":67,"column":2}},"20":{"start":{"line":59,"column":2},"end":{"line":61,"column":3}},"21":{"start":{"line":60,"column":4},"end":{"line":60,"column":15}},"22":{"start":{"line":62,"column":2},"end":{"line":64,"column":3}},"23":{"start":{"line":63,"column":4},"end":{"line":63,"column":60}},"24":{"start":{"line":65,"column":14},"end":{"line":65,"column":71}},"25":{"start":{"line":66,"column":2},"end":{"line":66,"column":64}},"26":{"start":{"line":69,"column":13},"end":{"line":69,"column":47}},"27":{"start":{"line":71,"column":0},"end":{"line":71,"column":22}}},"fnMap":{"0":{"name":"save","decl":{"start":{"line":33,"column":32},"end":{"line":33,"column":36}},"loc":{"start":{"line":33,"column":43},"end":{"line":44,"column":1}},"line":33},"1":{"name":"(anonymous_1)","decl":{"start":{"line":36,"column":21},"end":{"line":36,"column":22}},"loc":{"start":{"line":36,"column":36},"end":{"line":43,"column":3}},"line":36},"2":{"name":"(anonymous_2)","decl":{"start":{"line":38,"column":43},"end":{"line":38,"column":44}},"loc":{"start":{"line":38,"column":58},"end":{"line":42,"column":5}},"line":38},"3":{"name":"comparePassword","decl":{"start":{"line":49,"column":46},"end":{"line":49,"column":61}},"loc":{"start":{"line":49,"column":85},"end":{"line":53,"column":1}},"line":49},"4":{"name":"(anonymous_4)","decl":{"start":{"line":50,"column":51},"end":{"line":50,"column":52}},"loc":{"start":{"line":50,"column":69},"end":{"line":52,"column":3}},"line":50},"5":{"name":"gravatar","decl":{"start":{"line":58,"column":39},"end":{"line":58,"column":47}},"loc":{"start":{"line":58,"column":54},"end":{"line":67,"column":1}},"line":58}},"branchMap":{"0":{"loc":{"start":{"line":35,"column":2},"end":{"line":35,"column":54}},"type":"if","locations":[{"start":{"line":35,"column":2},"end":{"line":35,"column":54}},{"start":{"line":35,"column":2},"end":{"line":35,"column":54}}],"line":35},"1":{"loc":{"start":{"line":37,"column":4},"end":{"line":37,"column":34}},"type":"if","locations":[{"start":{"line":37,"column":4},"end":{"line":37,"column":34}},{"start":{"line":37,"column":4},"end":{"line":37,"column":34}}],"line":37},"2":{"loc":{"start":{"line":39,"column":6},"end":{"line":39,"column":36}},"type":"if","locations":[{"start":{"line":39,"column":6},"end":{"line":39,"column":36}},{"start":{"line":39,"column":6},"end":{"line":39,"column":36}}],"line":39},"3":{"loc":{"start":{"line":59,"column":2},"end":{"line":61,"column":3}},"type":"if","locations":[{"start":{"line":59,"column":2},"end":{"line":61,"column":3}},{"start":{"line":59,"column":2},"end":{"line":61,"column":3}}],"line":59},"4":{"loc":{"start":{"line":62,"column":2},"end":{"line":64,"column":3}},"type":"if","locations":[{"start":{"line":62,"column":2},"end":{"line":64,"column":3}},{"start":{"line":62,"column":2},"end":{"line":64,"column":3}}],"line":62}},"s":{"0":2,"1":2,"2":2,"3":2,"4":2,"5":0,"6":0,"7":0,"8":0,"9":0,"10":0,"11":0,"12":0,"13":0,"14":0,"15":0,"16":2,"17":0,"18":0,"19":2,"20":0,"21":0,"22":0,"23":0,"24":0,"25":0,"26":2,"27":1},"f":{"0":0,"1":0,"2":0,"3":0,"4":0,"5":0},"b":{"0":[0,0],"1":[0,0],"2":[0,0],"3":[0,0],"4":[0,0]},"_coverageSchema":"43e27e138ebf9cfc5966b082cf9a028302ed4184","hash":"f0f6371aef987903584bce78a6a56c6e26d72ece","contentHash":"c20403ad8f8bc4f838be258db958a8e409b45c478e6c7f8992d2bc67ceed23f5"},"/home/kieve/Projects/order-test/order-app/utils/toTitleCase.js":{"path":"/home/kieve/Projects/order-test/order-app/utils/toTitleCase.js","statementMap":{"0":{"start":{"line":3,"column":0},"end":{"line":6,"column":2}},"1":{"start":{"line":4,"column":2},"end":{"line":5,"column":70}},"2":{"start":{"line":5,"column":11},"end":{"line":5,"column":68}}},"fnMap":{"0":{"name":"toTitleCase","decl":{"start":{"line":3,"column":26},"end":{"line":3,"column":37}},"loc":{"start":{"line":3,"column":43},"end":{"line":6,"column":1}},"line":3},"1":{"name":"(anonymous_1)","decl":{"start":{"line":5,"column":4},"end":{"line":5,"column":5}},"loc":{"start":{"line":5,"column":11},"end":{"line":5,"column":68}},"line":5}},"branchMap":{},"s":{"0":1,"1":0,"2":0},"f":{"0":0,"1":0},"b":{},"_coverageSchema":"43e27e138ebf9cfc5966b082cf9a028302ed4184","hash":"ba66450f62c49fd0e669118d7c38b917d0c9e04c","contentHash":"fdcd9e9266a0dc71dbf087382699e374b0ac723af3f398f969e3eccc24c29c9a"},"/home/kieve/Projects/order-test/order-app/controllers/order.js":{"path":"/home/kieve/Projects/order-test/order-app/controllers/order.js","statementMap":{"0":{"start":{"line":1,"column":16},"end":{"line":1,"column":42}},"1":{"start":{"line":3,"column":14},"end":{"line":3,"column":40}},"2":{"start":{"line":9,"column":0},"end":{"line":11,"column":2}},"3":{"start":{"line":10,"column":2},"end":{"line":10,"column":31}},"4":{"start":{"line":13,"column":0},"end":{"line":15,"column":2}},"5":{"start":{"line":14,"column":2},"end":{"line":14,"column":48}},"6":{"start":{"line":17,"column":0},"end":{"line":37,"column":2}},"7":{"start":{"line":18,"column":23},"end":{"line":18,"column":46}},"8":{"start":{"line":19,"column":24},"end":{"line":26,"column":4}},"9":{"start":{"line":28,"column":2},"end":{"line":32,"column":3}},"10":{"start":{"line":29,"column":4},"end":{"line":29,"column":38}},"11":{"start":{"line":30,"column":9},"end":{"line":32,"column":3}},"12":{"start":{"line":31,"column":4},"end":{"line":31,"column":37}},"13":{"start":{"line":34,"column":23},"end":{"line":34,"column":48}},"14":{"start":{"line":36,"column":2},"end":{"line":36,"column":25}},"15":{"start":{"line":39,"column":0},"end":{"line":47,"column":2}},"16":{"start":{"line":40,"column":2},"end":{"line":46,"column":6}}},"fnMap":{"0":{"name":"(anonymous_0)","decl":{"start":{"line":9,"column":16},"end":{"line":9,"column":17}},"loc":{"start":{"line":9,"column":36},"end":{"line":11,"column":1}},"line":9},"1":{"name":"(anonymous_1)","decl":{"start":{"line":13,"column":15},"end":{"line":13,"column":16}},"loc":{"start":{"line":13,"column":35},"end":{"line":15,"column":1}},"line":13},"2":{"name":"(anonymous_2)","decl":{"start":{"line":17,"column":17},"end":{"line":17,"column":18}},"loc":{"start":{"line":17,"column":37},"end":{"line":37,"column":1}},"line":17},"3":{"name":"(anonymous_3)","decl":{"start":{"line":39,"column":18},"end":{"line":39,"column":19}},"loc":{"start":{"line":39,"column":38},"end":{"line":47,"column":1}},"line":39}},"branchMap":{"0":{"loc":{"start":{"line":28,"column":2},"end":{"line":32,"column":3}},"type":"if","locations":[{"start":{"line":28,"column":2},"end":{"line":32,"column":3}},{"start":{"line":28,"column":2},"end":{"line":32,"column":3}}],"line":28},"1":{"loc":{"start":{"line":30,"column":9},"end":{"line":32,"column":3}},"type":"if","locations":[{"start":{"line":30,"column":9},"end":{"line":32,"column":3}},{"start":{"line":30,"column":9},"end":{"line":32,"column":3}}],"line":30}},"s":{"0":1,"1":1,"2":1,"3":0,"4":1,"5":0,"6":1,"7":1,"8":1,"9":1,"10":1,"11":0,"12":0,"13":1,"14":1,"15":1,"16":0},"f":{"0":0,"1":0,"2":1,"3":0},"b":{"0":[1,0],"1":[0,0]},"_coverageSchema":"43e27e138ebf9cfc5966b082cf9a028302ed4184","hash":"2f53872de477ce81909f5538e05d001d59eea8cf","contentHash":"ea49fb4d3d6f66d9f080a1974700876f3f055c7180796c6b293e62fc81f3a8c9"},"/home/kieve/Projects/order-test/order-app/models/Order.js":{"path":"/home/kieve/Projects/order-test/order-app/models/Order.js","statementMap":{"0":{"start":{"line":1,"column":17},"end":{"line":1,"column":36}},"1":{"start":{"line":3,"column":20},"end":{"line":8,"column":24}},"2":{"start":{"line":10,"column":14},"end":{"line":10,"column":50}},"3":{"start":{"line":12,"column":0},"end":{"line":12,"column":23}}},"fnMap":{},"branchMap":{},"s":{"0":1,"1":1,"2":1,"3":1},"f":{},"b":{},"_coverageSchema":"43e27e138ebf9cfc5966b082cf9a028302ed4184","hash":"c42ab5a5bf13c3d6eeb113bdbdf7fea34686e23b","contentHash":"b0ce0e87b2a80cf16a8f74851617138e5338287760cc9a0d43b89ceb87258f4f"},"/home/kieve/Projects/order-test/order-app/controllers/api.js":{"path":"/home/kieve/Projects/order-test/order-app/controllers/api.js","statementMap":{"0":{"start":{"line":1,"column":22},"end":{"line":1,"column":37}},"1":{"start":{"line":2,"column":16},"end":{"line":2,"column":34}},"2":{"start":{"line":3,"column":16},"end":{"line":3,"column":34}},"3":{"start":{"line":4,"column":14},"end":{"line":4,"column":32}},"4":{"start":{"line":5,"column":23},"end":{"line":5,"column":40}},"5":{"start":{"line":6,"column":15},"end":{"line":6,"column":35}},"6":{"start":{"line":7,"column":15},"end":{"line":7,"column":39}},"7":{"start":{"line":8,"column":13},"end":{"line":8,"column":28}},"8":{"start":{"line":9,"column":15},"end":{"line":9,"column":57}},"9":{"start":{"line":10,"column":15},"end":{"line":10,"column":82}},"10":{"start":{"line":11,"column":17},"end":{"line":11,"column":130}},"11":{"start":{"line":12,"column":18},"end":{"line":12,"column":74}},"12":{"start":{"line":13,"column":15},"end":{"line":13,"column":41}},"13":{"start":{"line":14,"column":12},"end":{"line":14,"column":47}},"14":{"start":{"line":15,"column":11},"end":{"line":15,"column":48}},"15":{"start":{"line":16,"column":14},"end":{"line":16,"column":30}},"16":{"start":{"line":22,"column":0},"end":{"line":26,"column":2}},"17":{"start":{"line":23,"column":2},"end":{"line":25,"column":5}},"18":{"start":{"line":32,"column":0},"end":{"line":56,"column":2}},"19":{"start":{"line":33,"column":16},"end":{"line":33,"column":74}},"20":{"start":{"line":33,"column":46},"end":{"line":33,"column":73}},"21":{"start":{"line":37,"column":2},"end":{"line":55,"column":7}},"22":{"start":{"line":43,"column":6},"end":{"line":43,"column":55}},"23":{"start":{"line":44,"column":6},"end":{"line":44,"column":49}},"24":{"start":{"line":45,"column":6},"end":{"line":45,"column":51}},"25":{"start":{"line":46,"column":6},"end":{"line":51,"column":9}},"26":{"start":{"line":54,"column":6},"end":{"line":54,"column":18}},"27":{"start":{"line":62,"column":0},"end":{"line":78,"column":2}},"28":{"start":{"line":63,"column":16},"end":{"line":63,"column":70}},"29":{"start":{"line":63,"column":46},"end":{"line":63,"column":69}},"30":{"start":{"line":64,"column":17},"end":{"line":69,"column":4}},"31":{"start":{"line":70,"column":2},"end":{"line":77,"column":5}},"32":{"start":{"line":71,"column":4},"end":{"line":71,"column":34}},"33":{"start":{"line":71,"column":15},"end":{"line":71,"column":32}},"34":{"start":{"line":72,"column":4},"end":{"line":76,"column":7}},"35":{"start":{"line":84,"column":0},"end":{"line":94,"column":2}},"36":{"start":{"line":85,"column":16},"end":{"line":85,"column":72}},"37":{"start":{"line":85,"column":46},"end":{"line":85,"column":71}},"38":{"start":{"line":86,"column":2},"end":{"line":86,"column":42}},"39":{"start":{"line":87,"column":2},"end":{"line":93,"column":5}},"40":{"start":{"line":88,"column":4},"end":{"line":88,"column":34}},"41":{"start":{"line":88,"column":15},"end":{"line":88,"column":32}},"42":{"start":{"line":89,"column":4},"end":{"line":92,"column":7}},"43":{"start":{"line":100,"column":0},"end":{"line":113,"column":2}},"44":{"start":{"line":101,"column":2},"end":{"line":112,"column":5}},"45":{"start":{"line":102,"column":4},"end":{"line":102,"column":34}},"46":{"start":{"line":102,"column":15},"end":{"line":102,"column":32}},"47":{"start":{"line":103,"column":14},"end":{"line":103,"column":32}},"48":{"start":{"line":104,"column":18},"end":{"line":104,"column":20}},"49":{"start":{"line":105,"column":4},"end":{"line":107,"column":7}},"50":{"start":{"line":106,"column":6},"end":{"line":106,"column":29}},"51":{"start":{"line":108,"column":4},"end":{"line":111,"column":7}},"52":{"start":{"line":119,"column":0},"end":{"line":130,"column":2}},"53":{"start":{"line":120,"column":17},"end":{"line":120,"column":29}},"54":{"start":{"line":121,"column":2},"end":{"line":129,"column":3}},"55":{"start":{"line":122,"column":27},"end":{"line":122,"column":96}},"56":{"start":{"line":123,"column":4},"end":{"line":126,"column":7}},"57":{"start":{"line":128,"column":4},"end":{"line":128,"column":16}},"58":{"start":{"line":136,"column":0},"end":{"line":140,"column":2}},"59":{"start":{"line":137,"column":2},"end":{"line":139,"column":5}},"60":{"start":{"line":146,"column":0},"end":{"line":162,"column":2}},"61":{"start":{"line":147,"column":16},"end":{"line":150,"column":3}},"62":{"start":{"line":151,"column":2},"end":{"line":161,"column":5}},"63":{"start":{"line":152,"column":4},"end":{"line":152,"column":34}},"64":{"start":{"line":152,"column":15},"end":{"line":152,"column":32}},"65":{"start":{"line":153,"column":4},"end":{"line":155,"column":5}},"66":{"start":{"line":154,"column":6},"end":{"line":154,"column":61}},"67":{"start":{"line":156,"column":18},"end":{"line":156,"column":42}},"68":{"start":{"line":157,"column":4},"end":{"line":160,"column":7}},"69":{"start":{"line":168,"column":0},"end":{"line":245,"column":2}},"70":{"start":{"line":169,"column":17},"end":{"line":172,"column":4}},"71":{"start":{"line":173,"column":24},"end":{"line":182,"column":6}},"72":{"start":{"line":174,"column":4},"end":{"line":182,"column":6}},"73":{"start":{"line":175,"column":6},"end":{"line":181,"column":9}},"74":{"start":{"line":183,"column":29},"end":{"line":194,"column":6}},"75":{"start":{"line":184,"column":4},"end":{"line":194,"column":6}},"76":{"start":{"line":185,"column":6},"end":{"line":193,"column":9}},"77":{"start":{"line":189,"column":12},"end":{"line":189,"column":50}},"78":{"start":{"line":195,"column":29},"end":{"line":206,"column":6}},"79":{"start":{"line":196,"column":4},"end":{"line":206,"column":6}},"80":{"start":{"line":197,"column":6},"end":{"line":205,"column":9}},"81":{"start":{"line":201,"column":12},"end":{"line":201,"column":49}},"82":{"start":{"line":207,"column":2},"end":{"line":244,"column":3}},"83":{"start":{"line":208,"column":35},"end":{"line":208,"column":56}},"84":{"start":{"line":209,"column":22},"end":{"line":209,"column":48}},"85":{"start":{"line":210,"column":22},"end":{"line":210,"column":48}},"86":{"start":{"line":211,"column":19},"end":{"line":220,"column":5}},"87":{"start":{"line":221,"column":4},"end":{"line":224,"column":7}},"88":{"start":{"line":226,"column":4},"end":{"line":243,"column":5}},"89":{"start":{"line":227,"column":6},"end":{"line":227,"column":25}},"90":{"start":{"line":229,"column":6},"end":{"line":240,"column":7}},"91":{"start":{"line":232,"column":10},"end":{"line":234,"column":13}},"92":{"start":{"line":235,"column":10},"end":{"line":235,"column":16}},"93":{"start":{"line":237,"column":10},"end":{"line":239,"column":13}},"94":{"start":{"line":242,"column":6},"end":{"line":242,"column":16}},"95":{"start":{"line":251,"column":0},"end":{"line":272,"column":2}},"96":{"start":{"line":252,"column":16},"end":{"line":252,"column":71}},"97":{"start":{"line":252,"column":46},"end":{"line":252,"column":70}},"98":{"start":{"line":253,"column":12},"end":{"line":258,"column":4}},"99":{"start":{"line":259,"column":2},"end":{"line":271,"column":3}},"100":{"start":{"line":260,"column":43},"end":{"line":264,"column":6}},"101":{"start":{"line":265,"column":4},"end":{"line":268,"column":7}},"102":{"start":{"line":270,"column":4},"end":{"line":270,"column":16}},"103":{"start":{"line":278,"column":0},"end":{"line":300,"column":2}},"104":{"start":{"line":279,"column":2},"end":{"line":279,"column":58}},"105":{"start":{"line":281,"column":17},"end":{"line":281,"column":39}},"106":{"start":{"line":283,"column":2},"end":{"line":286,"column":3}},"107":{"start":{"line":284,"column":4},"end":{"line":284,"column":32}},"108":{"start":{"line":285,"column":4},"end":{"line":285,"column":40}},"109":{"start":{"line":288,"column":16},"end":{"line":288,"column":71}},"110":{"start":{"line":288,"column":46},"end":{"line":288,"column":70}},"111":{"start":{"line":289,"column":12},"end":{"line":294,"column":4}},"112":{"start":{"line":295,"column":2},"end":{"line":299,"column":5}},"113":{"start":{"line":296,"column":4},"end":{"line":296,"column":34}},"114":{"start":{"line":296,"column":15},"end":{"line":296,"column":32}},"115":{"start":{"line":297,"column":4},"end":{"line":297,"column":65}},"116":{"start":{"line":298,"column":4},"end":{"line":298,"column":33}},"117":{"start":{"line":306,"column":0},"end":{"line":363,"column":2}},"118":{"start":{"line":307,"column":18},"end":{"line":307,"column":32}},"119":{"start":{"line":308,"column":17},"end":{"line":308,"column":79}},"120":{"start":{"line":309,"column":19},"end":{"line":309,"column":41}},"121":{"start":{"line":312,"column":32},"end":{"line":328,"column":8}},"122":{"start":{"line":313,"column":4},"end":{"line":328,"column":8}},"123":{"start":{"line":315,"column":8},"end":{"line":317,"column":9}},"124":{"start":{"line":316,"column":10},"end":{"line":316,"column":51}},"125":{"start":{"line":318,"column":8},"end":{"line":327,"column":9}},"126":{"start":{"line":319,"column":10},"end":{"line":319,"column":54}},"127":{"start":{"line":320,"column":10},"end":{"line":326,"column":15}},"128":{"start":{"line":322,"column":14},"end":{"line":324,"column":15}},"129":{"start":{"line":323,"column":16},"end":{"line":323,"column":57}},"130":{"start":{"line":325,"column":14},"end":{"line":325,"column":26}},"131":{"start":{"line":329,"column":29},"end":{"line":338,"column":3}},"132":{"start":{"line":330,"column":4},"end":{"line":330,"column":30}},"133":{"start":{"line":331,"column":4},"end":{"line":337,"column":9}},"134":{"start":{"line":333,"column":8},"end":{"line":335,"column":9}},"135":{"start":{"line":334,"column":10},"end":{"line":334,"column":58}},"136":{"start":{"line":336,"column":8},"end":{"line":336,"column":20}},"137":{"start":{"line":339,"column":24},"end":{"line":349,"column":3}},"138":{"start":{"line":340,"column":4},"end":{"line":340,"column":31}},"139":{"start":{"line":341,"column":4},"end":{"line":341,"column":41}},"140":{"start":{"line":342,"column":4},"end":{"line":348,"column":9}},"141":{"start":{"line":344,"column":8},"end":{"line":346,"column":9}},"142":{"start":{"line":345,"column":10},"end":{"line":345,"column":62}},"143":{"start":{"line":347,"column":8},"end":{"line":347,"column":20}},"144":{"start":{"line":350,"column":2},"end":{"line":362,"column":3}},"145":{"start":{"line":351,"column":31},"end":{"line":351,"column":60}},"146":{"start":{"line":352,"column":28},"end":{"line":352,"column":54}},"147":{"start":{"line":353,"column":23},"end":{"line":353,"column":44}},"148":{"start":{"line":354,"column":4},"end":{"line":359,"column":7}},"149":{"start":{"line":361,"column":4},"end":{"line":361,"column":14}},"150":{"start":{"line":369,"column":0},"end":{"line":374,"column":2}},"151":{"start":{"line":370,"column":2},"end":{"line":373,"column":5}},"152":{"start":{"line":380,"column":0},"end":{"line":395,"column":2}},"153":{"start":{"line":381,"column":39},"end":{"line":381,"column":47}},"154":{"start":{"line":382,"column":2},"end":{"line":394,"column":5}},"155":{"start":{"line":388,"column":4},"end":{"line":391,"column":5}},"156":{"start":{"line":389,"column":6},"end":{"line":389,"column":67}},"157":{"start":{"line":390,"column":6},"end":{"line":390,"column":41}},"158":{"start":{"line":392,"column":4},"end":{"line":392,"column":78}},"159":{"start":{"line":393,"column":4},"end":{"line":393,"column":32}},"160":{"start":{"line":401,"column":0},"end":{"line":405,"column":2}},"161":{"start":{"line":402,"column":2},"end":{"line":404,"column":5}},"162":{"start":{"line":411,"column":0},"end":{"line":431,"column":2}},"163":{"start":{"line":412,"column":2},"end":{"line":412,"column":63}},"164":{"start":{"line":413,"column":2},"end":{"line":413,"column":63}},"165":{"start":{"line":415,"column":17},"end":{"line":415,"column":39}},"166":{"start":{"line":417,"column":2},"end":{"line":420,"column":3}},"167":{"start":{"line":418,"column":4},"end":{"line":418,"column":32}},"168":{"start":{"line":419,"column":4},"end":{"line":419,"column":39}},"169":{"start":{"line":422,"column":18},"end":{"line":426,"column":3}},"170":{"start":{"line":427,"
[...]
"column":33},"end":{"line":199,"column":53}},{"start":{"line":199,"column":57},"end":{"line":199,"column":75}}],"line":199},"31":{"loc":{"start":{"line":209,"column":6},"end":{"line":209,"column":36}},"type":"if","locations":[{"start":{"line":209,"column":6},"end":{"line":209,"column":36}},{"start":{"line":209,"column":6},"end":{"line":209,"column":36}}],"line":209},"32":{"loc":{"start":{"line":210,"column":6},"end":{"line":212,"column":7}},"type":"if","locations":[{"start":{"line":210,"column":6},"end":{"line":212,"column":7}},{"start":{"line":210,"column":6},"end":{"line":212,"column":7}}],"line":210},"33":{"loc":{"start":{"line":214,"column":8},"end":{"line":214,"column":38}},"type":"if","locations":[{"start":{"line":214,"column":8},"end":{"line":214,"column":38}},{"start":{"line":214,"column":8},"end":{"line":214,"column":38}}],"line":214},"34":{"loc":{"start":{"line":215,"column":8},"end":{"line":230,"column":9}},"type":"if","locations":[{"start":{"line":215,"column":8},"end":{"line":230,"column":9}},{"start":{"line":215,"column":8},"end":{"line":230,"column":9}}],"line":215},"35":{"loc":{"start":{"line":245,"column":2},"end":{"line":287,"column":3}},"type":"if","locations":[{"start":{"line":245,"column":2},"end":{"line":287,"column":3}},{"start":{"line":245,"column":2},"end":{"line":287,"column":3}}],"line":245},"36":{"loc":{"start":{"line":247,"column":6},"end":{"line":247,"column":36}},"type":"if","locations":[{"start":{"line":247,"column":6},"end":{"line":247,"column":36}},{"start":{"line":247,"column":6},"end":{"line":247,"column":36}}],"line":247},"37":{"loc":{"start":{"line":248,"column":6},"end":{"line":265,"column":7}},"type":"if","locations":[{"start":{"line":248,"column":6},"end":{"line":265,"column":7}},{"start":{"line":248,"column":6},"end":{"line":265,"column":7}}],"line":248},"38":{"loc":{"start":{"line":253,"column":10},"end":{"line":253,"column":40}},"type":"if","locations":[{"start":{"line":253,"column":10},"end":{"line":253,"column":40}},{"start":{"line":253,"column":10},"end":{"line":253,"column":40}}],"line":253},"39":{"loc":{"start":{"line":256,"column":30},"end":{"line":256,"column":70}},"type":"binary-expr","locations":[{"start":{"line":256,"column":30},"end":{"line":256,"column":47}},{"start":{"line":256,"column":51},"end":{"line":256,"column":70}}],"line":256},"40":{"loc":{"start":{"line":257,"column":34},"end":{"line":257,"column":81}},"type":"binary-expr","locations":[{"start":{"line":257,"column":34},"end":{"line":257,"column":55}},{"start":{"line":257,"column":59},"end":{"line":257,"column":81}}],"line":257},"41":{"loc":{"start":{"line":258,"column":33},"end":{"line":258,"column":94}},"type":"binary-expr","locations":[{"start":{"line":258,"column":33},"end":{"line":258,"column":53}},{"start":{"line":258,"column":57},"end":{"line":258,"column":94}}],"line":258},"42":{"loc":{"start":{"line":260,"column":12},"end":{"line":260,"column":42}},"type":"if","locations":[{"start":{"line":260,"column":12},"end":{"line":260,"column":42}},{"start":{"line":260,"column":12},"end":{"line":260,"column":42}}],"line":260},"43":{"loc":{"start":{"line":269,"column":6},"end":{"line":269,"column":36}},"type":"if","locations":[{"start":{"line":269,"column":6},"end":{"line":269,"column":36}},{"start":{"line":269,"column":6},"end":{"line":269,"column":36}}],"line":269},"44":{"loc":{"start":{"line":270,"column":6},"end":{"line":272,"column":7}},"type":"if","locations":[{"start":{"line":270,"column":6},"end":{"line":272,"column":7}},{"start":{"line":270,"column":6},"end":{"line":272,"column":7}}],"line":270},"45":{"loc":{"start":{"line":299,"column":2},"end":{"line":345,"column":3}},"type":"if","locations":[{"start":{"line":299,"column":2},"end":{"line":345,"column":3}},{"start":{"line":299,"column":2},"end":{"line":345,"column":3}}],"line":299},"46":{"loc":{"start":{"line":301,"column":6},"end":{"line":301,"column":36}},"type":"if","locations":[{"start":{"line":301,"column":6},"end":{"line":301,"column":36}},{"start":{"line":301,"column":6},"end":{"line":301,"column":36}}],"line":301},"47":{"loc":{"start":{"line":302,"column":6},"end":{"line":318,"column":7}},"type":"if","locations":[{"start":{"line":302,"column":6},"end":{"line":318,"column":7}},{"start":{"line":302,"column":6},"end":{"line":318,"column":7}}],"line":302},"48":{"loc":{"start":{"line":307,"column":10},"end":{"line":307,"column":40}},"type":"if","locations":[{"start":{"line":307,"column":10},"end":{"line":307,"column":40}},{"start":{"line":307,"column":10},"end":{"line":307,"column":40}}],"line":307},"49":{"loc":{"start":{"line":310,"column":30},"end":{"line":310,"column":70}},"type":"binary-expr","locations":[{"start":{"line":310,"column":30},"end":{"line":310,"column":47}},{"start":{"line":310,"column":51},"end":{"line":310,"column":70}}],"line":310},"50":{"loc":{"start":{"line":311,"column":32},"end":{"line":311,"column":75}},"type":"binary-expr","locations":[{"start":{"line":311,"column":32},"end":{"line":311,"column":51}},{"start":{"line":311,"column":55},"end":{"line":311,"column":75}}],"line":311},"51":{"loc":{"start":{"line":312,"column":33},"end":{"line":312,"column":80}},"type":"binary-expr","locations":[{"start":{"line":312,"column":33},"end":{"line":312,"column":53}},{"start":{"line":312,"column":57},"end":{"line":312,"column":80}}],"line":312},"52":{"loc":{"start":{"line":322,"column":6},"end":{"line":322,"column":36}},"type":"if","locations":[{"start":{"line":322,"column":6},"end":{"line":322,"column":36}},{"start":{"line":322,"column":6},"end":{"line":322,"column":36}}],"line":322},"53":{"loc":{"start":{"line":323,"column":6},"end":{"line":325,"column":7}},"type":"if","locations":[{"start":{"line":323,"column":6},"end":{"line":325,"column":7}},{"start":{"line":323,"column":6},"end":{"line":325,"column":7}}],"line":323},"54":{"loc":{"start":{"line":327,"column":8},"end":{"line":327,"column":38}},"type":"if","locations":[{"start":{"line":327,"column":8},"end":{"line":327,"column":38}},{"start":{"line":327,"column":8},"end":{"line":327,"column":38}}],"line":327},"55":{"loc":{"start":{"line":328,"column":8},"end":{"line":342,"column":9}},"type":"if","locations":[{"start":{"line":328,"column":8},"end":{"line":342,"column":9}},{"start":{"line":328,"column":8},"end":{"line":342,"column":9}}],"line":328},"56":{"loc":{"start":{"line":358,"column":2},"end":{"line":407,"column":3}},"type":"if","locations":[{"start":{"line":358,"column":2},"end":{"line":407,"column":3}},{"start":{"line":358,"column":2},"end":{"line":407,"column":3}}],"line":358},"57":{"loc":{"start":{"line":360,"column":6},"end":{"line":360,"column":36}},"type":"if","locations":[{"start":{"line":360,"column":6},"end":{"line":360,"column":36}},{"start":{"line":360,"column":6},"end":{"line":360,"column":36}}],"line":360},"58":{"loc":{"start":{"line":361,"column":6},"end":{"line":379,"column":7}},"type":"if","locations":[{"start":{"line":361,"column":6},"end":{"line":379,"column":7}},{"start":{"line":361,"column":6},"end":{"line":379,"column":7}}],"line":361},"59":{"loc":{"start":{"line":366,"column":10},"end":{"line":366,"column":40}},"type":"if","locations":[{"start":{"line":366,"column":10},"end":{"line":366,"column":40}},{"start":{"line":366,"column":10},"end":{"line":366,"column":40}}],"line":366},"60":{"loc":{"start":{"line":369,"column":30},"end":{"line":369,"column":70}},"type":"binary-expr","locations":[{"start":{"line":369,"column":30},"end":{"line":369,"column":47}},{"start":{"line":369,"column":51},"end":{"line":369,"column":70}}],"line":369},"61":{"loc":{"start":{"line":370,"column":34},"end":{"line":370,"column":86}},"type":"binary-expr","locations":[{"start":{"line":370,"column":34},"end":{"line":370,"column":55}},{"start":{"line":370,"column":59},"end":{"line":370,"column":86}}],"line":370},"62":{"loc":{"start":{"line":371,"column":33},"end":{"line":371,"column":81}},"type":"binary-expr","locations":[{"start":{"line":371,"column":33},"end":{"line":371,"column":53}},{"start":{"line":371,"column":57},"end":{"line":371,"column":81}}],"line":371},"63":{"loc":{"start":{"line":372,"column":33},"end":{"line":372,"column":87}},"type":"binary-expr","locations":[{"start":{"line":372,"column":33},"end":{"line":372,"column":53}},{"start":{"line":372,"column":57},"end":{"line":372,"column":87}}],"line":372},"64":{"loc":{"start":{"line":374,"column":12},"end":{"line":374,"column":42}},"type":"if","locations":[{"start":{"line":374,"column":12},"end":{"line":374,"column":42}},{"start":{"line":374,"column":12},"end":{"line":374,"column":42}}],"line":374},"65":{"loc":{"start":{"line":383,"column":6},"end":{"line":383,"column":36}},"type":"if","locations":[{"start":{"line":383,"column":6},"end":{"line":383,"column":36}},{"start":{"line":383,"column":6},"end":{"line":383,"column":36}}],"line":383},"66":{"loc":{"start":{"line":384,"column":6},"end":{"line":386,"column":7}},"type":"if","locations":[{"start":{"line":384,"column":6},"end":{"line":386,"column":7}},{"start":{"line":384,"column":6},"end":{"line":386,"column":7}}],"line":384},"67":{"loc":{"start":{"line":388,"column":8},"end":{"line":388,"column":38}},"type":"if","locations":[{"start":{"line":388,"column":8},"end":{"line":388,"column":38}},{"start":{"line":388,"column":8},"end":{"line":388,"column":38}}],"line":388},"68":{"loc":{"start":{"line":389,"column":8},"end":{"line":404,"column":9}},"type":"if","locations":[{"start":{"line":389,"column":8},"end":{"line":404,"column":9}},{"start":{"line":389,"column":8},"end":{"line":404,"column":9}}],"line":389},"69":{"loc":{"start":{"line":419,"column":2},"end":{"line":460,"column":3}},"type":"if","locations":[{"start":{"line":419,"column":2},"end":{"line":460,"column":3}},{"start":{"line":419,"column":2},"end":{"line":460,"column":3}}],"line":419},"70":{"loc":{"start":{"line":421,"column":6},"end":{"line":421,"column":36}},"type":"if","locations":[{"start":{"line":421,"column":6},"end":{"line":421,"column":36}},{"start":{"line":421,"column":6},"end":{"line":421,"column":36}}],"line":421},"71":{"loc":{"start":{"line":422,"column":6},"end":{"line":438,"column":7}},"type":"if","locations":[{"start":{"line":422,"column":6},"end":{"line":438,"column":7}},{"start":{"line":422,"column":6},"end":{"line":438,"column":7}}],"line":422},"72":{"loc":{"start":{"line":427,"column":10},"end":{"line":427,"column":40}},"type":"if","locations":[{"start":{"line":427,"column":10},"end":{"line":427,"column":40}},{"start":{"line":427,"column":10},"end":{"line":427,"column":40}}],"line":427},"73":{"loc":{"start":{"line":430,"column":30},"end":{"line":430,"column":70}},"type":"binary-expr","locations":[{"start":{"line":430,"column":30},"end":{"line":430,"column":47}},{"start":{"line":430,"column":51},"end":{"line":430,"column":70}}],"line":430},"74":{"loc":{"start":{"line":431,"column":33},"end":{"line":431,"column":91}},"type":"binary-expr","locations":[{"start":{"line":431,"column":33},"end":{"line":431,"column":53}},{"start":{"line":431,"column":57},"end":{"line":431,"column":91}}],"line":431},"75":{"loc":{"start":{"line":432,"column":33},"end":{"line":432,"column":83}},"type":"binary-expr","locations":[{"start":{"line":432,"column":33},"end":{"line":432,"column":53}},{"start":{"line":432,"column":57},"end":{"line":432,"column":83}}],"line":432},"76":{"loc":{"start":{"line":442,"column":6},"end":{"line":442,"column":36}},"type":"if","locations":[{"start":{"line":442,"column":6},"end":{"line":442,"column":36}},{"start":{"line":442,"column":6},"end":{"line":442,"column":36}}],"line":442},"77":{"loc":{"start":{"line":443,"column":6},"end":{"line":445,"column":7}},"type":"if","locations":[{"start":{"line":443,"column":6},"end":{"line":445,"column":7}},{"start":{"line":443,"column":6},"end":{"line":445,"column":7}}],"line":443},"78":{"loc":{"start":{"line":477,"column":4},"end":{"line":477,"column":34}},"type":"if","locations":[{"start":{"line":477,"column":4},"end":{"line":477,"column":34}},{"start":{"line":477,"column":4},"end":{"line":477,"column":34}}],"line":477},"79":{"loc":{"start":{"line":498,"column":4},"end":{"line":498,"column":34}},"type":"if","locations":[{"start":{"line":498,"column":4},"end":{"line":498,"column":34}},{"start":{"line":498,"column":4},"end":{"line":498,"column":34}}],"line":498},"80":{"loc":{"start":{"line":520,"column":2},"end":{"line":567,"column":3}},"type":"if","locations":[{"start":{"line":520,"column":2},"end":{"line":567,"column":3}},{"start":{"line":520,"column":2},"end":{"line":567,"column":3}}],"line":520},"81":{"loc":{"start":{"line":522,"column":6},"end":{"line":522,"column":36}},"type":"if","locations":[{"start":{"line":522,"column":6},"end":{"line":522,"column":36}},{"start":{"line":522,"column":6},"end":{"line":522,"column":36}}],"line":522},"82":{"loc":{"start":{"line":523,"column":6},"end":{"line":546,"column":7}},"type":"if","locations":[{"start":{"line":523,"column":6},"end":{"line":546,"column":7}},{"start":{"line":523,"column":6},"end":{"line":546,"column":7}}],"line":523},"83":{"loc":{"start":{"line":528,"column":10},"end":{"line":528,"column":40}},"type":"if","locations":[{"start":{"line":528,"column":10},"end":{"line":528,"column":40}},{"start":{"line":528,"column":10},"end":{"line":528,"column":40}}],"line":528},"84":{"loc":{"start":{"line":532,"column":12},"end":{"line":543,"column":13}},"type":"if","locations":[{"start":{"line":532,"column":12},"end":{"line":543,"column":13}},{"start":{"line":532,"column":12},"end":{"line":543,"column":13}}],"line":532},"85":{"loc":{"start":{"line":532,"column":16},"end":{"line":532,"column":53}},"type":"binary-expr","locations":[{"start":{"line":532,"column":16},"end":{"line":532,"column":22}},{"start":{"line":532,"column":26},"end":{"line":532,"column":53}}],"line":532},"86":{"loc":{"start":{"line":535,"column":34},"end":{"line":535,"column":74}},"type":"binary-expr","locations":[{"start":{"line":535,"column":34},"end":{"line":535,"column":51}},{"start":{"line":535,"column":55},"end":{"line":535,"column":74}}],"line":535},"87":{"loc":{"start":{"line":536,"column":37},"end":{"line":536,"column":81}},"type":"binary-expr","locations":[{"start":{"line":536,"column":37},"end":{"line":536,"column":57}},{"start":{"line":536,"column":61},"end":{"line":536,"column":81}}],"line":536},"88":{"loc":{"start":{"line":550,"column":6},"end":{"line":565,"column":7}},"type":"if","locations":[{"start":{"line":550,"column":6},"end":{"line":565,"column":7}},{"start":{"line":550,"column":6},"end":{"line":565,"column":7}}],"line":550},"89":{"loc":{"start":{"line":550,"column":10},"end":{"line":550,"column":47}},"type":"binary-expr","locations":[{"start":{"line":550,"column":10},"end":{"line":550,"column":16}},{"start":{"line":550,"column":20},"end":{"line":550,"column":47}}],"line":550},"90":{"loc":{"start":{"line":583,"column":4},"end":{"line":583,"column":34}},"type":"if","locations":[{"start":{"line":583,"column":4},"end":{"line":583,"column":34}},{"start":{"line":583,"column":4},"end":{"line":583,"column":34}}],"line":583},"91":{"loc":{"start":{"line":595,"column":2},"end":{"line":597,"column":3}},"type":"if","locations":[{"start":{"line":595,"column":2},"end":{"line":597,"column":3}},{"start":{"line":595,"column":2},"end":{"line":597,"column":3}}],"line":595},"92":{"loc":{"start":{"line":607,"column":2},"end":{"line":611,"column":3}},"type":"if","locations":[{"start":{"line":607,"column":2},"end":{"line":611,"column":3}},{"start":{"line":607,"column":2},"end":{"line":611,"column":3}}],"line":607}},"s":{"0":1,"1":1,"2":1,"3":1,"4":1,"5":1,"6":1,"7":1,"8":1,"9":1,"10":1,"11":1,"12":1,"13":1,"14":1,"15":1,"16":0,"17":1,"18":0,"19":0,"20":1,"21":0,"22":0,"23":0,"24":0,"25":0,"26":0,"27":0,"28":0,"29":0,"30":0,"31":0,"32":1,"33":0,"34":0,"35":0,"36":0,"37":0,"38":0,"39":0,"40":0,"41":0,"42":0,"43":0,"44":0,"45":0,"46":0,"47":0,"48":0,"49":0,"50":0,"51":0,"52":0,"53":0,"54":0,"55":0,"56":0,"57":0,"58":0,"59":0,"60":0,"61":0,"62":0,"63":0,"64":1,"65":0,"66":0,"67":0,"68":0,"69":0,"70":0,"71":0,"72":0,"73":0,"74":0,"75":0,"76":0,"77":0,"78":0,"79":0,"80":0,"81":0,"82":0,"83":0,"84":0,"85":0,"86":0,"87":0,"88":0,"89":0,"90":0,"91":0,"92":0,"93":0,"94":0,"95":0,"96":0,"97":0,"98":0,"99":0,"100":0,"101":0,"102":0,"103":0,"104":1,"105":0,"106":0,"107":0,"108":0,"109":0,"110":0,"111":0,"112":0,"113":0,"114":0,"115":0,"116":0,"117":0,"118":0,"119":0,"120":0,"121":0,"122":0,"123":0,"124":0,"125":0,"126":0,"127":0,"128":0,"129":0,"130":0,"131":0,"132":0,"133":0,"134":0,"135":0,"136":0,"137":0,"138":0,"139":0,"140":0,"141":0,"142":0,"143":1,"144":0,"145":0,"146":0,"147":0,"148":0,"149":0,"150":0,"151":0,"152":0,"153":0,"154":0,"155":0,"156":0,"157":0,"158":0,"159":0,"160":0,"161":0,"162":0,"163":0,"164":0,"165":0,"166":0,"167":0,"168":0,"169":0,"170":0,"171":0,"172":0,"173":0,"174":0,"175":0,"176":0,"177":0,"178":1,"179":0,"180":0,"181":0,"182":0,"183":0,"184":0,"185":0,"186":0,"187":0,"188":0,"189":0,"190":0,"191":0,"192":0,"193":0,"194":0,"195":0,"196":0,"197":0,"198":0,"199":0,"200":0,"201":0,"202":0,"203":0,"204":0,"205":0,"206":0,"207":0,"208":0,"209":0,"210":0,"211":0,"212":0,"213":0,"214":0,"215":0,"216":0,"217":1,"218":0,"219":0,"220":0,"221":0,"222":0,"223":0,"224":0,"225":0,"226":0,"227":0,"228":0,"229":0,"230":0,"231":0,"232":0,"233":0,"234":0,"235":0,"236":0,"237":0,"238":0,"239":0,"240":0,"241":0,"242":0,"243":0,"244":0,"245":0,"246":0,"247":0,"248":0,"249":0,"250":0,"251":0,"252":0,"253":0,"254":0,"255":0,"256":0,"257":0,"258":0,"259":0,"260":1,"261":0,"262":0,"263":0,"264":0,"265":0,"266":0,"267":0,"268":0,"269":0,"270":0,"271":0,"272":0,"273":0,"274":0,"275":0,"276":0,"277":0,"278":0,"279":0,"280":0,"281":0,"282":0,"283":0,"284":0,"285":0,"286":0,"287":0,"288":0,"289":0,"290":0,"291":0,"292":0,"293":1,"294":0,"295":0,"296":0,"297":0,"298":0,"299":0,"300":1,"301":0,"302":0,"303":0,"304":0,"305":0,"306":0,"307":1,"308":0,"309":0,"310":0,"311":0,"312":0,"313":0,"314":0,"315":0,"316":0,"317":0,"318":0,"319":0,"320":0,"321":0,"322":0,"323":0,"324":0,"325":0,"326":0,"327":0,"328":0,"329":0,"330":0,"331":0,"332":0,"333":0,"334":0,"335":0,"336":0,"337":0,"338":0,"339":0,"340":0,"341":0,"342":0,"343":0,"344":0,"345":0,"346":1,"347":0,"348":0,"349":0,"350":0,"351":0,"352":0,"353":1,"354":0,"355":0,"356":0,"357":1,"358":0,"359":0,"360":0,"361":0,"362":0,"363":0},"f":{"0":0,"1":0,"2":0,"3":0,"4":0,"5":0,"6":0,"7":0,"8":0,"9":0,"10":0,"11":0,"12":0,"13":0,"14":0,"15":0,"16":0,"17":0,"18":0,"19":0,"20":0,"21":0,"22":0,"23":0,"24":0,"25":0,"26":0,"27":0,"28":0,"29":0,"30":0,"31":0,"32":0,"33":0,"34":0,"35":0,"36":0,"37":0,"38":0,"39":0,"40":0,"41":0,"42":0,"43":0,"44":0,"45":0,"46":0,"47":0,"48":0,"49":0,"50":0,"51":0,"52":0,"53":0,"54":0,"55":0,"56":0,"57":0,"58":0,"59":0,"60":0,"61":0,"62":0,"63":0,"64":0,"65":0,"66":0,"67":0,"68":0,"69":0,"70":0,"71":0},"b":{"0":[0,0],"1":[0,0],"2":[0,0],"3":[0,0],"4":[0,0],"5":[0,0],"6":[0,0],"7":[0,0],"8":[0,0],"9":[0,0],"10":[0,0],"11":[0,0],"12":[0,0],"13":[0,0],"14":[0,0],"15":[0,0],"16":[0,0],"17":[0,0],"18":[0,0],"19":[0,0],"20":[0,0],"21":[0,0],"22":[0,0],"23":[0,0],"24":[0,0],"25":[0,0],"26":[0,0],"27":[0,0],"28":[0,0],"29":[0,0],"30":[0,0],"31":[0,0],"32":[0,0],"33":[0,0],"34":[0,0],"35":[0,0],"36":[0,0],"37":[0,0],"38":[0,0],"39":[0,0],"40":[0,0],"41":[0,0],"42":[0,0],"43":[0,0],"44":[0,0],"45":[0,0],"46":[0,0],"47":[0,0],"48":[0,0],"49":[0,0],"50":[0,0],"51":[0,0],"52":[0,0],"53":[0,0],"54":[0,0],"55":[0,0],"56":[0,0],"57":[0,0],"58":[0,0],"59":[0,0],"60":[0,0],"61":[0,0],"62":[0,0],"63":[0,0],"64":[0,0],"65":[0,0],"66":[0,0],"67":[0,0],"68":[0,0],"69":[0,0],"70":[0,0],"71":[0,0],"72":[0,0],"73":[0,0],"74":[0,0],"75":[0,0],"76":[0,0],"77":[0,0],"78":[0,0],"79":[0,0],"80":[0,0],"81":[0,0],"82":[0,0],"83":[0,0],"84":[0,0],"85":[0,0],"86":[0,0],"87":[0,0],"88":[0,0],"89":[0,0],"90":[0,0],"91":[0,0],"92":[0,0]},"_coverageSchema":"43e27e138ebf9cfc5966b082cf9a028302ed4184","hash":"8efeb56cddc652a026d5e1ab22c784684f0a9e36","contentHash":"2da177031989593d08b3ff526ae95c456b1b54d30b76d95168dbda7600c91791"}}